# JRE version: 7.0_17-b02
# Java VM: Java HotSpot(TM) Client VM (23.7-b01 mixed mode, sharing windows-x86 )
Heap
 def new generation   total 15104K, used 9374K [0x23820000, 0x24880000, 0x28cc0000)
  eden space 13440K,  69% used [0x23820000, 0x24147868, 0x24540000)
  from space 1664K,   0% used [0x24540000, 0x24540000, 0x246e0000)
  to   space 1664K,   0% used [0x246e0000, 0x246e0000, 0x24880000)
 tenured generation   total 33332K, used 19997K [0x28cc0000, 0x2ad4d000, 0x33620000)
   the space 33332K,  59% used [0x28cc0000, 0x2a047478, 0x2a047600, 0x2ad4d000)
 compacting perm gen  total 12288K, used 9885K [0x33620000, 0x34220000, 0x37620000)
   the space 12288K,  80% used [0x33620000, 0x33fc7678, 0x33fc7800, 0x34220000)
    ro space 10240K,  45% used [0x37620000, 0x37aa73d8, 0x37aa7400, 0x38020000)
    rw space 12288K,  54% used [0x38020000, 0x386aacc8, 0x386aae00, 0x38c20000)
GC Heap History (10 events):
Event: 32.828 GC heap before
{Heap before GC invocations=8 (full 0):
 def new generation   total 4864K, used 3878K [0x23820000, 0x23d60000, 0x28cc0000)
  eden space 4352K,  88% used [0x23820000, 0x23be19e8, 0x23c60000)
  from space 512K,   6% used [0x23c60000, 0x23c67f40, 0x23ce0000)
  to   space 512K,   0% used [0x23ce0000, 0x23ce0000, 0x23d60000)
 tenured generation   total 10880K, used 10084K [0x28cc0000, 0x29760000, 0x33620000)
   the space 10880K,  92% used [0x28cc0000, 0x29699160, 0x29699200, 0x29760000)
 compacting perm gen  total 12288K, used 4947K [0x33620000, 0x34220000, 0x37620000)
   the space 12288K,  40% used [0x33620000, 0x33af4e80, 0x33af5000, 0x34220000)
    ro space 10240K,  45% used [0x37620000, 0x37aa73d8, 0x37aa7400, 0x38020000)
    rw space 12288K,  54% used [0x38020000, 0x386aacc8, 0x386aae00, 0x38c20000)
Event: 33.027 GC heap after
Heap after GC invocations=9 (full 1):
 def new generation   total 9408K, used 0K [0x23820000, 0x24250000, 0x28cc0000)
  eden space 8384K,   0% used [0x23820000, 0x23820000, 0x24050000)
  from space 1024K,   0% used [0x24050000, 0x24050000, 0x24150000)
  to   space 1024K,   0% used [0x24150000, 0x24150000, 0x24250000)
 tenured generation   total 20768K, used 12460K [0x28cc0000, 0x2a108000, 0x33620000)
   the space 20768K,  59% used [0x28cc0000, 0x298eb0e8, 0x298eb200, 0x2a108000)
 compacting perm gen  total 12288K, used 4947K [0x33620000, 0x34220000, 0x37620000)
   the space 12288K,  40% used [0x33620000, 0x33af4e80, 0x33af5000, 0x34220000)
    ro space 10240K,  45% used [0x37620000, 0x37aa73d8, 0x37aa7400, 0x38020000)
    rw space 12288K,  54% used [0x38020000, 0x386aacc8, 0x386aae00, 0x38c20000)
}
Event: 34.150 GC heap before
{Heap before GC invocations=9 (full 1):
 def new generation   total 9408K, used 8384K [0x23820000, 0x24250000, 0x28cc0000)
  eden space 8384K, 100% used [0x23820000, 0x24050000, 0x24050000)
  from space 1024K,   0% used [0x24050000, 0x24050000, 0x24150000)
  to   space 1024K,   0% used [0x24150000, 0x24150000, 0x24250000)
 tenured generation   total 20768K, used 12460K [0x28cc0000, 0x2a108000, 0x33620000)
   the space 20768K,  59% used [0x28cc0000, 0x298eb0e8, 0x298eb200, 0x2a108000)
 compacting perm gen  total 12288K, used 5538K [0x33620000, 0x34220000, 0x37620000)
   the space 12288K,  45% used [0x33620000, 0x33b88aa8, 0x33b88c00, 0x34220000)
    ro space 10240K,  45% used [0x37620000, 0x37aa73d8, 0x37aa7400, 0x38020000)
    rw space 12288K,  54% used [0x38020000, 0x386aacc8, 0x386aae00, 0x38c20000)
Event: 34.175 GC heap after
Heap after GC invocations=10 (full 1):
 def new generation   total 9408K, used 1024K [0x23820000, 0x24250000, 0x28cc0000)
  eden space 8384K,   0% used [0x23820000, 0x23820000, 0x24050000)
  from space 1024K, 100% used [0x24150000, 0x24250000, 0x24250000)
  to   space 1024K,   0% used [0x24050000, 0x24050000, 0x24150000)
 tenured generation   total 20768K, used 16534K [0x28cc0000, 0x2a108000, 0x33620000)
   the space 20768K,  79% used [0x28cc0000, 0x29ce5bf0, 0x29ce5c00, 0x2a108000)
 compacting perm gen  total 12288K, used 5538K [0x33620000, 0x34220000, 0x37620000)
   the space 12288K,  45% used [0x33620000, 0x33b88aa8, 0x33b88c00, 0x34220000)
    ro space 10240K,  45% used [0x37620000, 0x37aa73d8, 0x37aa7400, 0x38020000)
    rw space 12288K,  54% used [0x38020000, 0x386aacc8, 0x386aae00, 0x38c20000)
}
Event: 36.827 GC heap before
{Heap before GC invocations=10 (full 1):
 def new generation   total 9408K, used 9408K [0x23820000, 0x24250000, 0x28cc0000)
  eden space 8384K, 100% used [0x23820000, 0x24050000, 0x24050000)
  from space 1024K, 100% used [0x24150000, 0x24250000, 0x24250000)
  to   space 1024K,   0% used [0x24050000, 0x24050000, 0x24150000)
 tenured generation   total 20768K, used 16534K [0x28cc0000, 0x2a108000, 0x33620000)
   the space 20768K,  79% used [0x28cc0000, 0x29ce5bf0, 0x29ce5c00, 0x2a108000)
 compacting perm gen  total 12288K, used 7334K [0x33620000, 0x34220000, 0x37620000)
   the space 12288K,  59% used [0x33620000, 0x33d49818, 0x33d49a00, 0x34220000)
    ro space 10240K,  45% used [0x37620000, 0x37aa73d8, 0x37aa7400, 0x38020000)
    rw space 12288K,  54% used [0x38020000, 0x386aacc8, 0x386aae00, 0x38c20000)
Event: 36.860 GC heap after
Heap after GC invocations=11 (full 1):
 def new generation   total 9408K, used 1024K [0x23820000, 0x24250000, 0x28cc0000)
  eden space 8384K,   0% used [0x23820000, 0x23820000, 0x24050000)
  from space 1024K, 100% used [0x24050000, 0x24150000, 0x24150000)
  to   space 1024K,   0% used [0x24150000, 0x24150000, 0x24250000)
 tenured generation   total 20768K, used 18304K [0x28cc0000, 0x2a108000, 0x33620000)
   the space 20768K,  88% used [0x28cc0000, 0x29ea00f0, 0x29ea0200, 0x2a108000)
 compacting perm gen  total 12288K, used 7334K [0x33620000, 0x34220000, 0x37620000)
   the space 12288K,  59% used [0x33620000, 0x33d49818, 0x33d49a00, 0x34220000)
    ro space 10240K,  45% used [0x37620000, 0x37aa73d8, 0x37aa7400, 0x38020000)
    rw space 12288K,  54% used [0x38020000, 0x386aacc8, 0x386aae00, 0x38c20000)
}
Event: 38.506 GC heap before
{Heap before GC invocations=11 (full 1):
 def new generation   total 9408K, used 9408K [0x23820000, 0x24250000, 0x28cc0000)
  eden space 8384K, 100% used [0x23820000, 0x24050000, 0x24050000)
  from space 1024K, 100% used [0x24050000, 0x24150000, 0x24150000)
  to   space 1024K,   0% used [0x24150000, 0x24150000, 0x24250000)
 tenured generation   total 20768K, used 18304K [0x28cc0000, 0x2a108000, 0x33620000)
   the space 20768K,  88% used [0x28cc0000, 0x29ea00f0, 0x29ea0200, 0x2a108000)
 compacting perm gen  total 12288K, used 8570K [0x33620000, 0x34220000, 0x37620000)
   the space 12288K,  69% used [0x33620000, 0x33e7eb98, 0x33e7ec00, 0x34220000)
    ro space 10240K,  45% used [0x37620000, 0x37aa73d8, 0x37aa7400, 0x38020000)
    rw space 12288K,  54% used [0x38020000, 0x386aacc8, 0x386aae00, 0x38c20000)
Event: 38.535 GC heap after
Heap after GC invocations=12 (full 1):
 def new generation   total 9408K, used 1024K [0x23820000, 0x24250000, 0x28cc0000)
  eden space 8384K,   0% used [0x23820000, 0x23820000, 0x24050000)
  from space 1024K, 100% used [0x24150000, 0x24250000, 0x24250000)
  to   space 1024K,   0% used [0x24050000, 0x24050000, 0x24150000)
 tenured generation   total 20768K, used 19560K [0x28cc0000, 0x2a108000, 0x33620000)
   the space 20768K,  94% used [0x28cc0000, 0x29fda350, 0x29fda400, 0x2a108000)
 compacting perm gen  total 12288K, used 8570K [0x33620000, 0x34220000, 0x37620000)
   the space 12288K,  69% used [0x33620000, 0x33e7eb98, 0x33e7ec00, 0x34220000)
    ro space 10240K,  45% used [0x37620000, 0x37aa73d8, 0x37aa7400, 0x38020000)
    rw space 12288K,  54% used [0x38020000, 0x386aacc8, 0x386aae00, 0x38c20000)
}
Event: 42.968 GC heap before
{Heap before GC invocations=12 (full 1):
 def new generation   total 9408K, used 9152K [0x23820000, 0x24250000, 0x28cc0000)
  eden space 8384K,  96% used [0x23820000, 0x24010380, 0x24050000)
  from space 1024K, 100% used [0x24150000, 0x24250000, 0x24250000)
  to   space 1024K,   0% used [0x24050000, 0x24050000, 0x24150000)
 tenured generation   total 20768K, used 19560K [0x28cc0000, 0x2a108000, 0x33620000)
   the space 20768K,  94% used [0x28cc0000, 0x29fda350, 0x29fda400, 0x2a108000)
 compacting perm gen  total 12288K, used 9606K [0x33620000, 0x34220000, 0x37620000)
   the space 12288K,  78% used [0x33620000, 0x33f81b50, 0x33f81c00, 0x34220000)
    ro space 10240K,  45% used [0x37620000, 0x37aa73d8, 0x37aa7400, 0x38020000)
    rw space 12288K,  54% used [0x38020000, 0x386aacc8, 0x386aae00, 0x38c20000)
Event: 43.196 GC heap after
Heap after GC invocations=13 (full 2):
 def new generation   total 15104K, used 0K [0x23820000, 0x24880000, 0x28cc0000)
  eden space 13440K,   0% used [0x23820000, 0x23820000, 0x24540000)
  from space 1664K,   0% used [0x24540000, 0x24540000, 0x246e0000)
  to   space 1664K,   0% used [0x246e0000, 0x246e0000, 0x24880000)
 tenured generation   total 33332K, used 19997K [0x28cc0000, 0x2ad4d000, 0x33620000)
   the space 33332K,  59% used [0x28cc0000, 0x2a047478, 0x2a047600, 0x2ad4d000)
 compacting perm gen  total 12288K, used 9606K [0x33620000, 0x34220000, 0x37620000)
   the space 12288K,  78% used [0x33620000, 0x33f81b50, 0x33f81c00, 0x34220000)
    ro space 10240K,  45% used [0x37620000, 0x37aa73d8, 0x37aa7400, 0x38020000)
    rw space 12288K,  54% used [0x38020000, 0x386aacc8, 0x386aae00, 0x38c20000)
}

