# JRE version: 7.0_17-b02
# Java VM: Java HotSpot(TM) Client VM (23.7-b01 mixed mode, sharing windows-x86 )
Heap
 def new generation   total 13952K, used 12694K [0x23ff0000, 0x24f10000, 0x29540000)
  eden space 12416K,  90% used [0x23ff0000, 0x24ae0cb8, 0x24c10000)
  from space 1536K,  97% used [0x24d90000, 0x24f04b78, 0x24f10000)
  to   space 1536K,   0% used [0x24c10000, 0x24c10000, 0x24d90000)
 tenured generation   total 30824K, used 18494K [0x29540000, 0x2b35a000, 0x33ff0000)
   the space 30824K,  59% used [0x29540000, 0x2a74f8f8, 0x2a74fa00, 0x2b35a000)
 compacting perm gen  total 12288K, used 9957K [0x33ff0000, 0x34bf0000, 0x37ff0000)
   the space 12288K,  81% used [0x33ff0000, 0x349a9568, 0x349a9600, 0x34bf0000)
    ro space 10240K,  45% used [0x37ff0000, 0x384773d8, 0x38477400, 0x389f0000)
    rw space 12288K,  54% used [0x389f0000, 0x3907acc8, 0x3907ae00, 0x395f0000)
GC Heap History (10 events):
Event: 15.929 GC heap before
{Heap before GC invocations=11 (full 0):
 def new generation   total 4928K, used 4927K [0x23ff0000, 0x24540000, 0x29540000)
  eden space 4416K, 100% used [0x23ff0000, 0x24440000, 0x24440000)
  from space 512K,  99% used [0x244c0000, 0x2453fff8, 0x24540000)
  to   space 512K,   0% used [0x24440000, 0x24440000, 0x244c0000)
 tenured generation   total 10944K, used 9816K [0x29540000, 0x29ff0000, 0x33ff0000)
   the space 10944K,  89% used [0x29540000, 0x29ed6000, 0x29ed6000, 0x29ff0000)
 compacting perm gen  total 12288K, used 8965K [0x33ff0000, 0x34bf0000, 0x37ff0000)
   the space 12288K,  72% used [0x33ff0000, 0x348b15f0, 0x348b1600, 0x34bf0000)
    ro space 10240K,  45% used [0x37ff0000, 0x384773d8, 0x38477400, 0x389f0000)
    rw space 12288K,  54% used [0x389f0000, 0x3907acc8, 0x3907ae00, 0x395f0000)
Event: 15.932 GC heap after
Heap after GC invocations=12 (full 0):
 def new generation   total 4928K, used 512K [0x23ff0000, 0x24540000, 0x29540000)
  eden space 4416K,   0% used [0x23ff0000, 0x23ff0000, 0x24440000)
  from space 512K, 100% used [0x24440000, 0x244c0000, 0x244c0000)
  to   space 512K,   0% used [0x244c0000, 0x244c0000, 0x24540000)
 tenured generation   total 10944K, used 10169K [0x29540000, 0x29ff0000, 0x33ff0000)
   the space 10944K,  92% used [0x29540000, 0x29f2e4c0, 0x29f2e600, 0x29ff0000)
 compacting perm gen  total 12288K, used 8965K [0x33ff0000, 0x34bf0000, 0x37ff0000)
   the space 12288K,  72% used [0x33ff0000, 0x348b15f0, 0x348b1600, 0x34bf0000)
    ro space 10240K,  45% used [0x37ff0000, 0x384773d8, 0x38477400, 0x389f0000)
    rw space 12288K,  54% used [0x389f0000, 0x3907acc8, 0x3907ae00, 0x395f0000)
}
Event: 16.470 GC heap before
{Heap before GC invocations=12 (full 0):
 def new generation   total 4928K, used 4591K [0x23ff0000, 0x24540000, 0x29540000)
  eden space 4416K,  92% used [0x23ff0000, 0x243ebcf0, 0x24440000)
  from space 512K, 100% used [0x24440000, 0x244c0000, 0x244c0000)
  to   space 512K,   0% used [0x244c0000, 0x244c0000, 0x24540000)
 tenured generation   total 10944K, used 10169K [0x29540000, 0x29ff0000, 0x33ff0000)
   the space 10944K,  92% used [0x29540000, 0x29f2e4c0, 0x29f2e600, 0x29ff0000)
 compacting perm gen  total 12288K, used 9680K [0x33ff0000, 0x34bf0000, 0x37ff0000)
   the space 12288K,  78% used [0x33ff0000, 0x349641a0, 0x34964200, 0x34bf0000)
    ro space 10240K,  45% used [0x37ff0000, 0x384773d8, 0x38477400, 0x389f0000)
    rw space 12288K,  54% used [0x389f0000, 0x3907acc8, 0x3907ae00, 0x395f0000)
Event: 16.549 GC heap after
Heap after GC invocations=13 (full 1):
 def new generation   total 6464K, used 0K [0x23ff0000, 0x246f0000, 0x29540000)
  eden space 5760K,   0% used [0x23ff0000, 0x23ff0000, 0x24590000)
  from space 704K,   0% used [0x24590000, 0x24590000, 0x24640000)
  to   space 704K,   0% used [0x24640000, 0x24640000, 0x246f0000)
 tenured generation   total 14216K, used 8527K [0x29540000, 0x2a322000, 0x33ff0000)
   the space 14216K,  59% used [0x29540000, 0x29d93d08, 0x29d93e00, 0x2a322000)
 compacting perm gen  total 12288K, used 9680K [0x33ff0000, 0x34bf0000, 0x37ff0000)
   the space 12288K,  78% used [0x33ff0000, 0x349641a0, 0x34964200, 0x34bf0000)
    ro space 10240K,  45% used [0x37ff0000, 0x384773d8, 0x38477400, 0x389f0000)
    rw space 12288K,  54% used [0x389f0000, 0x3907acc8, 0x3907ae00, 0x395f0000)
}
Event: 16.672 GC heap before
{Heap before GC invocations=13 (full 1):
 def new generation   total 6464K, used 5547K [0x23ff0000, 0x246f0000, 0x29540000)
  eden space 5760K,  96% used [0x23ff0000, 0x2455afa0, 0x24590000)
  from space 704K,   0% used [0x24590000, 0x24590000, 0x24640000)
  to   space 704K,   0% used [0x24640000, 0x24640000, 0x246f0000)
 tenured generation   total 14216K, used 8527K [0x29540000, 0x2a322000, 0x33ff0000)
   the space 14216K,  59% used [0x29540000, 0x29d93d08, 0x29d93e00, 0x2a322000)
 compacting perm gen  total 12288K, used 9685K [0x33ff0000, 0x34bf0000, 0x37ff0000)
   the space 12288K,  78% used [0x33ff0000, 0x34965788, 0x34965800, 0x34bf0000)
    ro space 10240K,  45% used [0x37ff0000, 0x384773d8, 0x38477400, 0x389f0000)
    rw space 12288K,  54% used [0x389f0000, 0x3907acc8, 0x3907ae00, 0x395f0000)
Event: 16.677 GC heap after
Heap after GC invocations=14 (full 1):
 def new generation   total 6464K, used 606K [0x23ff0000, 0x246f0000, 0x29540000)
  eden space 5760K,   0% used [0x23ff0000, 0x23ff0000, 0x24590000)
  from space 704K,  86% used [0x24640000, 0x246d7a90, 0x246f0000)
  to   space 704K,   0% used [0x24590000, 0x24590000, 0x24640000)
 tenured generation   total 14216K, used 13327K [0x29540000, 0x2a322000, 0x33ff0000)
   the space 14216K,  93% used [0x29540000, 0x2a243d58, 0x2a243e00, 0x2a322000)
 compacting perm gen  total 12288K, used 9685K [0x33ff0000, 0x34bf0000, 0x37ff0000)
   the space 12288K,  78% used [0x33ff0000, 0x34965788, 0x34965800, 0x34bf0000)
    ro space 10240K,  45% used [0x37ff0000, 0x384773d8, 0x38477400, 0x389f0000)
    rw space 12288K,  54% used [0x389f0000, 0x3907acc8, 0x3907ae00, 0x395f0000)
}
Event: 17.014 GC heap before
{Heap before GC invocations=14 (full 1):
 def new generation   total 6464K, used 6031K [0x23ff0000, 0x246f0000, 0x29540000)
  eden space 5760K,  94% used [0x23ff0000, 0x2453c1d8, 0x24590000)
  from space 704K,  86% used [0x24640000, 0x246d7a90, 0x246f0000)
  to   space 704K,   0% used [0x24590000, 0x24590000, 0x24640000)
 tenured generation   total 14216K, used 13327K [0x29540000, 0x2a322000, 0x33ff0000)
   the space 14216K,  93% used [0x29540000, 0x2a243d58, 0x2a243e00, 0x2a322000)
 compacting perm gen  total 12288K, used 9686K [0x33ff0000, 0x34bf0000, 0x37ff0000)
   the space 12288K,  78% used [0x33ff0000, 0x34965908, 0x34965a00, 0x34bf0000)
    ro space 10240K,  45% used [0x37ff0000, 0x384773d8, 0x38477400, 0x389f0000)
    rw space 12288K,  54% used [0x389f0000, 0x3907acc8, 0x3907ae00, 0x395f0000)
Event: 17.093 GC heap after
Heap after GC invocations=15 (full 2):
 def new generation   total 13952K, used 600K [0x23ff0000, 0x24f10000, 0x29540000)
  eden space 12416K,   4% used [0x23ff0000, 0x240860d0, 0x24c10000)
  from space 1536K,   0% used [0x24c10000, 0x24c10000, 0x24d90000)
  to   space 1536K,   0% used [0x24d90000, 0x24d90000, 0x24f10000)
 tenured generation   total 30824K, used 18494K [0x29540000, 0x2b35a000, 0x33ff0000)
   the space 30824K,  59% used [0x29540000, 0x2a74f898, 0x2a74fa00, 0x2b35a000)
 compacting perm gen  total 12288K, used 9686K [0x33ff0000, 0x34bf0000, 0x37ff0000)
   the space 12288K,  78% used [0x33ff0000, 0x34965908, 0x34965a00, 0x34bf0000)
    ro space 10240K,  45% used [0x37ff0000, 0x384773d8, 0x38477400, 0x389f0000)
    rw space 12288K,  54% used [0x389f0000, 0x3907acc8, 0x3907ae00, 0x395f0000)
}
Event: 26.927 GC heap before
{Heap before GC invocations=15 (full 2):
 def new generation   total 13952K, used 12408K [0x23ff0000, 0x24f10000, 0x29540000)
  eden space 12416K,  99% used [0x23ff0000, 0x24c0e118, 0x24c10000)
  from space 1536K,   0% used [0x24c10000, 0x24c10000, 0x24d90000)
  to   space 1536K,   0% used [0x24d90000, 0x24d90000, 0x24f10000)
 tenured generation   total 30824K, used 18494K [0x29540000, 0x2b35a000, 0x33ff0000)
   the space 30824K,  59% used [0x29540000, 0x2a74f898, 0x2a74fa00, 0x2b35a000)
 compacting perm gen  total 12288K, used 9850K [0x33ff0000, 0x34bf0000, 0x37ff0000)
   the space 12288K,  80% used [0x33ff0000, 0x3498e888, 0x3498ea00, 0x34bf0000)
    ro space 10240K,  45% used [0x37ff0000, 0x384773d8, 0x38477400, 0x389f0000)
    rw space 12288K,  54% used [0x389f0000, 0x3907acc8, 0x3907ae00, 0x395f0000)
Event: 26.936 GC heap after
Heap after GC invocations=16 (full 2):
 def new generation   total 13952K, used 1490K [0x23ff0000, 0x24f10000, 0x29540000)
  eden space 12416K,   0% used [0x23ff0000, 0x23ff0000, 0x24c10000)
  from space 1536K,  97% used [0x24d90000, 0x24f04b78, 0x24f10000)
  to   space 1536K,   0% used [0x24c10000, 0x24c10000, 0x24d90000)
 tenured generation   total 30824K, used 18494K [0x29540000, 0x2b35a000, 0x33ff0000)
   the space 30824K,  59% used [0x29540000, 0x2a74f8f8, 0x2a74fa00, 0x2b35a000)
 compacting perm gen  total 12288K, used 9850K [0x33ff0000, 0x34bf0000, 0x37ff0000)
   the space 12288K,  80% used [0x33ff0000, 0x3498e888, 0x3498ea00, 0x34bf0000)
    ro space 10240K,  45% used [0x37ff0000, 0x384773d8, 0x38477400, 0x389f0000)
    rw space 12288K,  54% used [0x389f0000, 0x3907acc8, 0x3907ae00, 0x395f0000)
}

