# JRE version: 7.0_17-b02
# Java VM: Java HotSpot(TM) Client VM (23.7-b01 mixed mode, sharing windows-x86 )
Heap
 def new generation   total 15424K, used 9648K [0x23820000, 0x248d0000, 0x28cc0000)
  eden space 13760K,  70% used [0x23820000, 0x2418c248, 0x24590000)
  from space 1664K,   0% used [0x24590000, 0x24590000, 0x24730000)
  to   space 1664K,   0% used [0x24730000, 0x24730000, 0x248d0000)
 tenured generation   total 34016K, used 20408K [0x28cc0000, 0x2adf8000, 0x33620000)
   the space 34016K,  59% used [0x28cc0000, 0x2a0ae000, 0x2a0ae000, 0x2adf8000)
 compacting perm gen  total 12288K, used 8929K [0x33620000, 0x34220000, 0x37620000)
   the space 12288K,  72% used [0x33620000, 0x33ed8638, 0x33ed8800, 0x34220000)
    ro space 10240K,  45% used [0x37620000, 0x37aa73d8, 0x37aa7400, 0x38020000)
    rw space 12288K,  54% used [0x38020000, 0x386aacc8, 0x386aae00, 0x38c20000)
GC Heap History (10 events):
Event: 21.922 GC heap before
{Heap before GC invocations=9 (full 0):
 def new generation   total 4864K, used 4863K [0x23820000, 0x23d60000, 0x28cc0000)
  eden space 4352K, 100% used [0x23820000, 0x23c60000, 0x23c60000)
  from space 512K,  99% used [0x23ce0000, 0x23d5ff60, 0x23d60000)
  to   space 512K,   0% used [0x23c60000, 0x23c60000, 0x23ce0000)
 tenured generation   total 10880K, used 6257K [0x28cc0000, 0x29760000, 0x33620000)
   the space 10880K,  57% used [0x28cc0000, 0x292dc480, 0x292dc600, 0x29760000)
 compacting perm gen  total 12288K, used 7811K [0x33620000, 0x34220000, 0x37620000)
   the space 12288K,  63% used [0x33620000, 0x33dc0e70, 0x33dc1000, 0x34220000)
    ro space 10240K,  45% used [0x37620000, 0x37aa73d8, 0x37aa7400, 0x38020000)
    rw space 12288K,  54% used [0x38020000, 0x386aacc8, 0x386aae00, 0x38c20000)
Event: 21.940 GC heap after
Heap after GC invocations=10 (full 0):
 def new generation   total 4864K, used 511K [0x23820000, 0x23d60000, 0x28cc0000)
  eden space 4352K,   0% used [0x23820000, 0x23820000, 0x23c60000)
  from space 512K,  99% used [0x23c60000, 0x23cdfff8, 0x23ce0000)
  to   space 512K,   0% used [0x23ce0000, 0x23ce0000, 0x23d60000)
 tenured generation   total 10880K, used 7299K [0x28cc0000, 0x29760000, 0x33620000)
   the space 10880K,  67% used [0x28cc0000, 0x293e0df8, 0x293e0e00, 0x29760000)
 compacting perm gen  total 12288K, used 7811K [0x33620000, 0x34220000, 0x37620000)
   the space 12288K,  63% used [0x33620000, 0x33dc0e70, 0x33dc1000, 0x34220000)
    ro space 10240K,  45% used [0x37620000, 0x37aa73d8, 0x37aa7400, 0x38020000)
    rw space 12288K,  54% used [0x38020000, 0x386aacc8, 0x386aae00, 0x38c20000)
}
Event: 24.402 GC heap before
{Heap before GC invocations=10 (full 0):
 def new generation   total 4864K, used 4863K [0x23820000, 0x23d60000, 0x28cc0000)
  eden space 4352K, 100% used [0x23820000, 0x23c60000, 0x23c60000)
  from space 512K,  99% used [0x23c60000, 0x23cdfff8, 0x23ce0000)
  to   space 512K,   0% used [0x23ce0000, 0x23ce0000, 0x23d60000)
 tenured generation   total 10880K, used 7299K [0x28cc0000, 0x29760000, 0x33620000)
   the space 10880K,  67% used [0x28cc0000, 0x293e0df8, 0x293e0e00, 0x29760000)
 compacting perm gen  total 12288K, used 8394K [0x33620000, 0x34220000, 0x37620000)
   the space 12288K,  68% used [0x33620000, 0x33e52a58, 0x33e52c00, 0x34220000)
    ro space 10240K,  45% used [0x37620000, 0x37aa73d8, 0x37aa7400, 0x38020000)
    rw space 12288K,  54% used [0x38020000, 0x386aacc8, 0x386aae00, 0x38c20000)
Event: 24.420 GC heap after
Heap after GC invocations=11 (full 0):
 def new generation   total 4864K, used 276K [0x23820000, 0x23d60000, 0x28cc0000)
  eden space 4352K,   0% used [0x23820000, 0x23820000, 0x23c60000)
  from space 512K,  53% used [0x23ce0000, 0x23d25050, 0x23d60000)
  to   space 512K,   0% used [0x23c60000, 0x23c60000, 0x23ce0000)
 tenured generation   total 10880K, used 9631K [0x28cc0000, 0x29760000, 0x33620000)
   the space 10880K,  88% used [0x28cc0000, 0x29627d80, 0x29627e00, 0x29760000)
 compacting perm gen  total 12288K, used 8394K [0x33620000, 0x34220000, 0x37620000)
   the space 12288K,  68% used [0x33620000, 0x33e52a58, 0x33e52c00, 0x34220000)
    ro space 10240K,  45% used [0x37620000, 0x37aa73d8, 0x37aa7400, 0x38020000)
    rw space 12288K,  54% used [0x38020000, 0x386aacc8, 0x386aae00, 0x38c20000)
}
Event: 25.924 GC heap before
{Heap before GC invocations=11 (full 0):
 def new generation   total 4864K, used 4269K [0x23820000, 0x23d60000, 0x28cc0000)
  eden space 4352K,  91% used [0x23820000, 0x23c06458, 0x23c60000)
  from space 512K,  53% used [0x23ce0000, 0x23d25050, 0x23d60000)
  to   space 512K,   0% used [0x23c60000, 0x23c60000, 0x23ce0000)
 tenured generation   total 10880K, used 9631K [0x28cc0000, 0x29760000, 0x33620000)
   the space 10880K,  88% used [0x28cc0000, 0x29627d80, 0x29627e00, 0x29760000)
 compacting perm gen  total 12288K, used 8400K [0x33620000, 0x34220000, 0x37620000)
   the space 12288K,  68% used [0x33620000, 0x33e54050, 0x33e54200, 0x34220000)
    ro space 10240K,  45% used [0x37620000, 0x37aa73d8, 0x37aa7400, 0x38020000)
    rw space 12288K,  54% used [0x38020000, 0x386aacc8, 0x386aae00, 0x38c20000)
Event: 26.142 GC heap after
Heap after GC invocations=12 (full 1):
 def new generation   total 7936K, used 0K [0x23820000, 0x240b0000, 0x28cc0000)
  eden space 7104K,   0% used [0x23820000, 0x23820000, 0x23f10000)
  from space 832K,   0% used [0x23f10000, 0x23f10000, 0x23fe0000)
  to   space 832K,   0% used [0x23fe0000, 0x23fe0000, 0x240b0000)
 tenured generation   total 17396K, used 10435K [0x28cc0000, 0x29dbd000, 0x33620000)
   the space 17396K,  59% used [0x28cc0000, 0x296f0f90, 0x296f1000, 0x29dbd000)
 compacting perm gen  total 12288K, used 8400K [0x33620000, 0x34220000, 0x37620000)
   the space 12288K,  68% used [0x33620000, 0x33e54050, 0x33e54200, 0x34220000)
    ro space 10240K,  45% used [0x37620000, 0x37aa73d8, 0x37aa7400, 0x38020000)
    rw space 12288K,  54% used [0x38020000, 0x386aacc8, 0x386aae00, 0x38c20000)
}
Event: 26.264 GC heap before
{Heap before GC invocations=12 (full 1):
 def new generation   total 7936K, used 6733K [0x23820000, 0x240b0000, 0x28cc0000)
  eden space 7104K,  94% used [0x23820000, 0x23eb34c8, 0x23f10000)
  from space 832K,   0% used [0x23f10000, 0x23f10000, 0x23fe0000)
  to   space 832K,   0% used [0x23fe0000, 0x23fe0000, 0x240b0000)
 tenured generation   total 17396K, used 10435K [0x28cc0000, 0x29dbd000, 0x33620000)
   the space 17396K,  59% used [0x28cc0000, 0x296f0f90, 0x296f1000, 0x29dbd000)
 compacting perm gen  total 12288K, used 8400K [0x33620000, 0x34220000, 0x37620000)
   the space 12288K,  68% used [0x33620000, 0x33e541d0, 0x33e54200, 0x34220000)
    ro space 10240K,  45% used [0x37620000, 0x37aa73d8, 0x37aa7400, 0x38020000)
    rw space 12288K,  54% used [0x38020000, 0x386aacc8, 0x386aae00, 0x38c20000)
Event: 26.280 GC heap after
Heap after GC invocations=13 (full 1):
 def new generation   total 7936K, used 601K [0x23820000, 0x240b0000, 0x28cc0000)
  eden space 7104K,   0% used [0x23820000, 0x23820000, 0x23f10000)
  from space 832K,  72% used [0x23fe0000, 0x24076488, 0x240b0000)
  to   space 832K,   0% used [0x23f10000, 0x23f10000, 0x23fe0000)
 tenured generation   total 17396K, used 16436K [0x28cc0000, 0x29dbd000, 0x33620000)
   the space 17396K,  94% used [0x28cc0000, 0x29ccd000, 0x29ccd000, 0x29dbd000)
 compacting perm gen  total 12288K, used 8400K [0x33620000, 0x34220000, 0x37620000)
   the space 12288K,  68% used [0x33620000, 0x33e541d0, 0x33e54200, 0x34220000)
    ro space 10240K,  45% used [0x37620000, 0x37aa73d8, 0x37aa7400, 0x38020000)
    rw space 12288K,  54% used [0x38020000, 0x386aacc8, 0x386aae00, 0x38c20000)
}
Event: 39.046 GC heap before
{Heap before GC invocations=13 (full 1):
 def new generation   total 7936K, used 6993K [0x23820000, 0x240b0000, 0x28cc0000)
  eden space 7104K,  89% used [0x23820000, 0x23e5e010, 0x23f10000)
  from space 832K,  72% used [0x23fe0000, 0x24076488, 0x240b0000)
  to   space 832K,   0% used [0x23f10000, 0x23f10000, 0x23fe0000)
 tenured generation   total 17396K, used 16436K [0x28cc0000, 0x29dbd000, 0x33620000)
   the space 17396K,  94% used [0x28cc0000, 0x29ccd000, 0x29ccd000, 0x29dbd000)
 compacting perm gen  total 12288K, used 8646K [0x33620000, 0x34220000, 0x37620000)
   the space 12288K,  70% used [0x33620000, 0x33e91a98, 0x33e91c00, 0x34220000)
    ro space 10240K,  45% used [0x37620000, 0x37aa73d8, 0x37aa7400, 0x38020000)
    rw space 12288K,  54% used [0x38020000, 0x386aacc8, 0x386aae00, 0x38c20000)
Event: 39.238 GC heap after
Heap after GC invocations=14 (full 2):
 def new generation   total 15424K, used 0K [0x23820000, 0x248d0000, 0x28cc0000)
  eden space 13760K,   0% used [0x23820000, 0x23820058, 0x24590000)
  from space 1664K,   0% used [0x24590000, 0x24590000, 0x24730000)
  to   space 1664K,   0% used [0x24730000, 0x24730000, 0x248d0000)
 tenured generation   total 34016K, used 20408K [0x28cc0000, 0x2adf8000, 0x33620000)
   the space 34016K,  59% used [0x28cc0000, 0x2a0ae000, 0x2a0ae000, 0x2adf8000)
 compacting perm gen  total 12288K, used 8646K [0x33620000, 0x34220000, 0x37620000)
   the space 12288K,  70% used [0x33620000, 0x33e91a98, 0x33e91c00, 0x34220000)
    ro space 10240K,  45% used [0x37620000, 0x37aa73d8, 0x37aa7400, 0x38020000)
    rw space 12288K,  54% used [0x38020000, 0x386aacc8, 0x386aae00, 0x38c20000)
}

