# JRE version: 7.0_17-b02
# Java VM: Java HotSpot(TM) Client VM (23.7-b01 mixed mode, sharing windows-x86 )
Heap
 def new generation   total 16384K, used 2889K [0x23820000, 0x249e0000, 0x28cc0000)
  eden space 14592K,  15% used [0x23820000, 0x23a66d80, 0x24660000)
  from space 1792K,  31% used [0x24820000, 0x248ab6a8, 0x249e0000)
  to   space 1792K,   0% used [0x24660000, 0x24660000, 0x24820000)
 tenured generation   total 36216K, used 26364K [0x28cc0000, 0x2b01e000, 0x33620000)
   the space 36216K,  72% used [0x28cc0000, 0x2a67f080, 0x2a67f200, 0x2b01e000)
 compacting perm gen  total 12288K, used 9980K [0x33620000, 0x34220000, 0x37620000)
   the space 12288K,  81% used [0x33620000, 0x33fdf1a8, 0x33fdf200, 0x34220000)
    ro space 10240K,  45% used [0x37620000, 0x37aa73d8, 0x37aa7400, 0x38020000)
    rw space 12288K,  54% used [0x38020000, 0x386aacc8, 0x386aae00, 0x38c20000)
GC Heap History (10 events):
Event: 66.918 GC heap before
{Heap before GC invocations=12 (full 1):
 def new generation   total 10624K, used 10007K [0x23820000, 0x243a0000, 0x28cc0000)
  eden space 9472K, 100% used [0x23820000, 0x24160000, 0x24160000)
  from space 1152K,  46% used [0x24280000, 0x24305d90, 0x243a0000)
  to   space 1152K,   0% used [0x24160000, 0x24160000, 0x24280000)
 tenured generation   total 23444K, used 22295K [0x28cc0000, 0x2a3a5000, 0x33620000)
   the space 23444K,  95% used [0x28cc0000, 0x2a285c90, 0x2a285e00, 0x2a3a5000)
 compacting perm gen  total 12288K, used 8964K [0x33620000, 0x34220000, 0x37620000)
   the space 12288K,  72% used [0x33620000, 0x33ee13c0, 0x33ee1400, 0x34220000)
    ro space 10240K,  45% used [0x37620000, 0x37aa73d8, 0x37aa7400, 0x38020000)
    rw space 12288K,  54% used [0x38020000, 0x386aacc8, 0x386aae00, 0x38c20000)
Event: 66.934 GC heap after
Heap after GC invocations=13 (full 1):
 def new generation   total 10624K, used 788K [0x23820000, 0x243a0000, 0x28cc0000)
  eden space 9472K,   0% used [0x23820000, 0x23820000, 0x24160000)
  from space 1152K,  68% used [0x24160000, 0x242253f0, 0x24280000)
  to   space 1152K,   0% used [0x24280000, 0x24280000, 0x243a0000)
 tenured generation   total 23444K, used 22295K [0x28cc0000, 0x2a3a5000, 0x33620000)
   the space 23444K,  95% used [0x28cc0000, 0x2a285c90, 0x2a285e00, 0x2a3a5000)
 compacting perm gen  total 12288K, used 8964K [0x33620000, 0x34220000, 0x37620000)
   the space 12288K,  72% used [0x33620000, 0x33ee13c0, 0x33ee1400, 0x34220000)
    ro space 10240K,  45% used [0x37620000, 0x37aa73d8, 0x37aa7400, 0x38020000)
    rw space 12288K,  54% used [0x38020000, 0x386aacc8, 0x386aae00, 0x38c20000)
}
Event: 67.689 GC heap before
{Heap before GC invocations=13 (full 1):
 def new generation   total 10624K, used 10260K [0x23820000, 0x243a0000, 0x28cc0000)
  eden space 9472K, 100% used [0x23820000, 0x24160000, 0x24160000)
  from space 1152K,  68% used [0x24160000, 0x242253f0, 0x24280000)
  to   space 1152K,   0% used [0x24280000, 0x24280000, 0x243a0000)
 tenured generation   total 23444K, used 22295K [0x28cc0000, 0x2a3a5000, 0x33620000)
   the space 23444K,  95% used [0x28cc0000, 0x2a285c90, 0x2a285e00, 0x2a3a5000)
 compacting perm gen  total 12288K, used 8968K [0x33620000, 0x34220000, 0x37620000)
   the space 12288K,  72% used [0x33620000, 0x33ee2350, 0x33ee2400, 0x34220000)
    ro space 10240K,  45% used [0x37620000, 0x37aa73d8, 0x37aa7400, 0x38020000)
    rw space 12288K,  54% used [0x38020000, 0x386aacc8, 0x386aae00, 0x38c20000)
Event: 67.929 GC heap after
Heap after GC invocations=14 (full 2):
 def new generation   total 16384K, used 0K [0x23820000, 0x249e0000, 0x28cc0000)
  eden space 14592K,   0% used [0x23820000, 0x23820000, 0x24660000)
  from space 1792K,   0% used [0x24660000, 0x24660000, 0x24820000)
  to   space 1792K,   0% used [0x24820000, 0x24820000, 0x249e0000)
 tenured generation   total 36216K, used 21728K [0x28cc0000, 0x2b01e000, 0x33620000)
   the space 36216K,  59% used [0x28cc0000, 0x2a1f8358, 0x2a1f8400, 0x2b01e000)
 compacting perm gen  total 12288K, used 8968K [0x33620000, 0x34220000, 0x37620000)
   the space 12288K,  72% used [0x33620000, 0x33ee2350, 0x33ee2400, 0x34220000)
    ro space 10240K,  45% used [0x37620000, 0x37aa73d8, 0x37aa7400, 0x38020000)
    rw space 12288K,  54% used [0x38020000, 0x386aacc8, 0x386aae00, 0x38c20000)
}
Event: 81.898 GC heap before
{Heap before GC invocations=14 (full 2):
 def new generation   total 16384K, used 14592K [0x23820000, 0x249e0000, 0x28cc0000)
  eden space 14592K, 100% used [0x23820000, 0x24660000, 0x24660000)
  from space 1792K,   0% used [0x24660000, 0x24660000, 0x24820000)
  to   space 1792K,   0% used [0x24820000, 0x24820000, 0x249e0000)
 tenured generation   total 36216K, used 21728K [0x28cc0000, 0x2b01e000, 0x33620000)
   the space 36216K,  59% used [0x28cc0000, 0x2a1f8358, 0x2a1f8400, 0x2b01e000)
 compacting perm gen  total 12288K, used 9518K [0x33620000, 0x34220000, 0x37620000)
   the space 12288K,  77% used [0x33620000, 0x33f6ba20, 0x33f6bc00, 0x34220000)
    ro space 10240K,  45% used [0x37620000, 0x37aa73d8, 0x37aa7400, 0x38020000)
    rw space 12288K,  54% used [0x38020000, 0x386aacc8, 0x386aae00, 0x38c20000)
Event: 81.930 GC heap after
Heap after GC invocations=15 (full 2):
 def new generation   total 16384K, used 1109K [0x23820000, 0x249e0000, 0x28cc0000)
  eden space 14592K,   0% used [0x23820000, 0x23820000, 0x24660000)
  from space 1792K,  61% used [0x24820000, 0x249355b8, 0x249e0000)
  to   space 1792K,   0% used [0x24660000, 0x24660000, 0x24820000)
 tenured generation   total 36216K, used 21728K [0x28cc0000, 0x2b01e000, 0x33620000)
   the space 36216K,  59% used [0x28cc0000, 0x2a1f8358, 0x2a1f8400, 0x2b01e000)
 compacting perm gen  total 12288K, used 9518K [0x33620000, 0x34220000, 0x37620000)
   the space 12288K,  77% used [0x33620000, 0x33f6ba20, 0x33f6bc00, 0x34220000)
    ro space 10240K,  45% used [0x37620000, 0x37aa73d8, 0x37aa7400, 0x38020000)
    rw space 12288K,  54% used [0x38020000, 0x386aacc8, 0x386aae00, 0x38c20000)
}
Event: 85.354 GC heap before
{Heap before GC invocations=15 (full 2):
 def new generation   total 16384K, used 15701K [0x23820000, 0x249e0000, 0x28cc0000)
  eden space 14592K, 100% used [0x23820000, 0x24660000, 0x24660000)
  from space 1792K,  61% used [0x24820000, 0x249355b8, 0x249e0000)
  to   space 1792K,   0% used [0x24660000, 0x24660000, 0x24820000)
 tenured generation   total 36216K, used 21728K [0x28cc0000, 0x2b01e000, 0x33620000)
   the space 36216K,  59% used [0x28cc0000, 0x2a1f8358, 0x2a1f8400, 0x2b01e000)
 compacting perm gen  total 12288K, used 9903K [0x33620000, 0x34220000, 0x37620000)
   the space 12288K,  80% used [0x33620000, 0x33fcbca8, 0x33fcbe00, 0x34220000)
    ro space 10240K,  45% used [0x37620000, 0x37aa73d8, 0x37aa7400, 0x38020000)
    rw space 12288K,  54% used [0x38020000, 0x386aacc8, 0x386aae00, 0x38c20000)
Event: 85.378 GC heap after
Heap after GC invocations=16 (full 2):
 def new generation   total 16384K, used 1792K [0x23820000, 0x249e0000, 0x28cc0000)
  eden space 14592K,   0% used [0x23820000, 0x23820000, 0x24660000)
  from space 1792K, 100% used [0x24660000, 0x24820000, 0x24820000)
  to   space 1792K,   0% used [0x24820000, 0x24820000, 0x249e0000)
 tenured generation   total 36216K, used 24591K [0x28cc0000, 0x2b01e000, 0x33620000)
   the space 36216K,  67% used [0x28cc0000, 0x2a4c3ca0, 0x2a4c3e00, 0x2b01e000)
 compacting perm gen  total 12288K, used 9903K [0x33620000, 0x34220000, 0x37620000)
   the space 12288K,  80% used [0x33620000, 0x33fcbca8, 0x33fcbe00, 0x34220000)
    ro space 10240K,  45% used [0x37620000, 0x37aa73d8, 0x37aa7400, 0x38020000)
    rw space 12288K,  54% used [0x38020000, 0x386aacc8, 0x386aae00, 0x38c20000)
}
Event: 95.181 GC heap before
{Heap before GC invocations=16 (full 2):
 def new generation   total 16384K, used 16291K [0x23820000, 0x249e0000, 0x28cc0000)
  eden space 14592K,  99% used [0x23820000, 0x24648d88, 0x24660000)
  from space 1792K, 100% used [0x24660000, 0x24820000, 0x24820000)
  to   space 1792K,   0% used [0x24820000, 0x24820000, 0x249e0000)
 tenured generation   total 36216K, used 24591K [0x28cc0000, 0x2b01e000, 0x33620000)
   the space 36216K,  67% used [0x28cc0000, 0x2a4c3ca0, 0x2a4c3e00, 0x2b01e000)
 compacting perm gen  total 12288K, used 9976K [0x33620000, 0x34220000, 0x37620000)
   the space 12288K,  81% used [0x33620000, 0x33fde248, 0x33fde400, 0x34220000)
    ro space 10240K,  45% used [0x37620000, 0x37aa73d8, 0x37aa7400, 0x38020000)
    rw space 12288K,  54% used [0x38020000, 0x386aacc8, 0x386aae00, 0x38c20000)
Event: 95.197 GC heap after
Heap after GC invocations=17 (full 2):
 def new generation   total 16384K, used 557K [0x23820000, 0x249e0000, 0x28cc0000)
  eden space 14592K,   0% used [0x23820000, 0x23820000, 0x24660000)
  from space 1792K,  31% used [0x24820000, 0x248ab6a8, 0x249e0000)
  to   space 1792K,   0% used [0x24660000, 0x24660000, 0x24820000)
 tenured generation   total 36216K, used 26364K [0x28cc0000, 0x2b01e000, 0x33620000)
   the space 36216K,  72% used [0x28cc0000, 0x2a67f080, 0x2a67f200, 0x2b01e000)
 compacting perm gen  total 12288K, used 9976K [0x33620000, 0x34220000, 0x37620000)
   the space 12288K,  81% used [0x33620000, 0x33fde248, 0x33fde400, 0x34220000)
    ro space 10240K,  45% used [0x37620000, 0x37aa73d8, 0x37aa7400, 0x38020000)
    rw space 12288K,  54% used [0x38020000, 0x386aacc8, 0x386aae00, 0x38c20000)
}

