# JRE version: 7.0_17-b02
# Java VM: Java HotSpot(TM) Client VM (23.7-b01 mixed mode, sharing windows-x86 )
Heap
 def new generation   total 17088K, used 10546K [0x23820000, 0x24aa0000, 0x28cc0000)
  eden space 15232K,  67% used [0x23820000, 0x24229130, 0x24700000)
  from space 1856K,  14% used [0x248d0000, 0x24913968, 0x24aa0000)
  to   space 1856K,   0% used [0x24700000, 0x24700000, 0x248d0000)
 tenured generation   total 37728K, used 22636K [0x28cc0000, 0x2b198000, 0x33620000)
   the space 37728K,  59% used [0x28cc0000, 0x2a2db080, 0x2a2db200, 0x2b198000)
 compacting perm gen  total 12288K, used 10199K [0x33620000, 0x34220000, 0x37620000)
   the space 12288K,  83% used [0x33620000, 0x34015e60, 0x34016000, 0x34220000)
    ro space 10240K,  45% used [0x37620000, 0x37aa73d8, 0x37aa7400, 0x38020000)
    rw space 12288K,  54% used [0x38020000, 0x386aacc8, 0x386aae00, 0x38c20000)
GC Heap History (10 events):
Event: 39.305 GC heap before
{Heap before GC invocations=11 (full 1):
 def new generation   total 9664K, used 9663K [0x23820000, 0x24290000, 0x28cc0000)
  eden space 8640K, 100% used [0x23820000, 0x24090000, 0x24090000)
  from space 1024K,  99% used [0x24190000, 0x2428fff8, 0x24290000)
  to   space 1024K,   0% used [0x24090000, 0x24090000, 0x24190000)
 tenured generation   total 21280K, used 16946K [0x28cc0000, 0x2a188000, 0x33620000)
   the space 21280K,  79% used [0x28cc0000, 0x29d4c840, 0x29d4ca00, 0x2a188000)
 compacting perm gen  total 12288K, used 8240K [0x33620000, 0x34220000, 0x37620000)
   the space 12288K,  67% used [0x33620000, 0x33e2c138, 0x33e2c200, 0x34220000)
    ro space 10240K,  45% used [0x37620000, 0x37aa73d8, 0x37aa7400, 0x38020000)
    rw space 12288K,  54% used [0x38020000, 0x386aacc8, 0x386aae00, 0x38c20000)
Event: 39.336 GC heap after
Heap after GC invocations=12 (full 1):
 def new generation   total 9664K, used 1024K [0x23820000, 0x24290000, 0x28cc0000)
  eden space 8640K,   0% used [0x23820000, 0x23820000, 0x24090000)
  from space 1024K, 100% used [0x24090000, 0x24190000, 0x24190000)
  to   space 1024K,   0% used [0x24190000, 0x24190000, 0x24290000)
 tenured generation   total 21280K, used 18774K [0x28cc0000, 0x2a188000, 0x33620000)
   the space 21280K,  88% used [0x28cc0000, 0x29f15828, 0x29f15a00, 0x2a188000)
 compacting perm gen  total 12288K, used 8240K [0x33620000, 0x34220000, 0x37620000)
   the space 12288K,  67% used [0x33620000, 0x33e2c138, 0x33e2c200, 0x34220000)
    ro space 10240K,  45% used [0x37620000, 0x37aa73d8, 0x37aa7400, 0x38020000)
    rw space 12288K,  54% used [0x38020000, 0x386aacc8, 0x386aae00, 0x38c20000)
}
Event: 40.587 GC heap before
{Heap before GC invocations=12 (full 1):
 def new generation   total 9664K, used 9166K [0x23820000, 0x24290000, 0x28cc0000)
  eden space 8640K,  94% used [0x23820000, 0x24013b28, 0x24090000)
  from space 1024K, 100% used [0x24090000, 0x24190000, 0x24190000)
  to   space 1024K,   0% used [0x24190000, 0x24190000, 0x24290000)
 tenured generation   total 21280K, used 18774K [0x28cc0000, 0x2a188000, 0x33620000)
   the space 21280K,  88% used [0x28cc0000, 0x29f15828, 0x29f15a00, 0x2a188000)
 compacting perm gen  total 12288K, used 9114K [0x33620000, 0x34220000, 0x37620000)
   the space 12288K,  74% used [0x33620000, 0x33f06aa8, 0x33f06c00, 0x34220000)
    ro space 10240K,  45% used [0x37620000, 0x37aa73d8, 0x37aa7400, 0x38020000)
    rw space 12288K,  54% used [0x38020000, 0x386aacc8, 0x386aae00, 0x38c20000)
Event: 40.617 GC heap after
Heap after GC invocations=13 (full 1):
 def new generation   total 9664K, used 1014K [0x23820000, 0x24290000, 0x28cc0000)
  eden space 8640K,   0% used [0x23820000, 0x23820000, 0x24090000)
  from space 1024K,  99% used [0x24190000, 0x2428da60, 0x24290000)
  to   space 1024K,   0% used [0x24090000, 0x24090000, 0x24190000)
 tenured generation   total 21280K, used 19353K [0x28cc0000, 0x2a188000, 0x33620000)
   the space 21280K,  90% used [0x28cc0000, 0x29fa6538, 0x29fa6600, 0x2a188000)
 compacting perm gen  total 12288K, used 9114K [0x33620000, 0x34220000, 0x37620000)
   the space 12288K,  74% used [0x33620000, 0x33f06aa8, 0x33f06c00, 0x34220000)
    ro space 10240K,  45% used [0x37620000, 0x37aa73d8, 0x37aa7400, 0x38020000)
    rw space 12288K,  54% used [0x38020000, 0x386aacc8, 0x386aae00, 0x38c20000)
}
Event: 47.808 GC heap before
{Heap before GC invocations=13 (full 1):
 def new generation   total 9664K, used 9654K [0x23820000, 0x24290000, 0x28cc0000)
  eden space 8640K, 100% used [0x23820000, 0x24090000, 0x24090000)
  from space 1024K,  99% used [0x24190000, 0x2428da60, 0x24290000)
  to   space 1024K,   0% used [0x24090000, 0x24090000, 0x24190000)
 tenured generation   total 21280K, used 19353K [0x28cc0000, 0x2a188000, 0x33620000)
   the space 21280K,  90% used [0x28cc0000, 0x29fa6538, 0x29fa6600, 0x2a188000)
 compacting perm gen  total 12288K, used 9708K [0x33620000, 0x34220000, 0x37620000)
   the space 12288K,  79% used [0x33620000, 0x33f9b150, 0x33f9b200, 0x34220000)
    ro space 10240K,  45% used [0x37620000, 0x37aa73d8, 0x37aa7400, 0x38020000)
    rw space 12288K,  54% used [0x38020000, 0x386aacc8, 0x386aae00, 0x38c20000)
Event: 47.841 GC heap after
Heap after GC invocations=14 (full 1):
 def new generation   total 9664K, used 254K [0x23820000, 0x24290000, 0x28cc0000)
  eden space 8640K,   0% used [0x23820000, 0x23820000, 0x24090000)
  from space 1024K,  24% used [0x24090000, 0x240cfbb0, 0x24190000)
  to   space 1024K,   0% used [0x24190000, 0x24190000, 0x24290000)
 tenured generation   total 21280K, used 20963K [0x28cc0000, 0x2a188000, 0x33620000)
   the space 21280K,  98% used [0x28cc0000, 0x2a138fe0, 0x2a139000, 0x2a188000)
 compacting perm gen  total 12288K, used 9708K [0x33620000, 0x34220000, 0x37620000)
   the space 12288K,  79% used [0x33620000, 0x33f9b150, 0x33f9b200, 0x34220000)
    ro space 10240K,  45% used [0x37620000, 0x37aa73d8, 0x37aa7400, 0x38020000)
    rw space 12288K,  54% used [0x38020000, 0x386aacc8, 0x386aae00, 0x38c20000)
}
Event: 51.726 GC heap before
{Heap before GC invocations=14 (full 1):
 def new generation   total 9664K, used 8889K [0x23820000, 0x24290000, 0x28cc0000)
  eden space 8640K,  99% used [0x23820000, 0x2408eb78, 0x24090000)
  from space 1024K,  24% used [0x24090000, 0x240cfbb0, 0x24190000)
  to   space 1024K,   0% used [0x24190000, 0x24190000, 0x24290000)
 tenured generation   total 21280K, used 20963K [0x28cc0000, 0x2a188000, 0x33620000)
   the space 21280K,  98% used [0x28cc0000, 0x2a138fe0, 0x2a139000, 0x2a188000)
 compacting perm gen  total 12288K, used 9921K [0x33620000, 0x34220000, 0x37620000)
   the space 12288K,  80% used [0x33620000, 0x33fd0460, 0x33fd0600, 0x34220000)
    ro space 10240K,  45% used [0x37620000, 0x37aa73d8, 0x37aa7400, 0x38020000)
    rw space 12288K,  54% used [0x38020000, 0x386aacc8, 0x386aae00, 0x38c20000)
Event: 51.986 GC heap after
Heap after GC invocations=15 (full 2):
 def new generation   total 17088K, used 0K [0x23820000, 0x24aa0000, 0x28cc0000)
  eden space 15232K,   0% used [0x23820000, 0x23820000, 0x24700000)
  from space 1856K,   0% used [0x24700000, 0x24700000, 0x248d0000)
  to   space 1856K,   0% used [0x248d0000, 0x248d0000, 0x24aa0000)
 tenured generation   total 37728K, used 22636K [0x28cc0000, 0x2b198000, 0x33620000)
   the space 37728K,  59% used [0x28cc0000, 0x2a2db080, 0x2a2db200, 0x2b198000)
 compacting perm gen  total 12288K, used 9921K [0x33620000, 0x34220000, 0x37620000)
   the space 12288K,  80% used [0x33620000, 0x33fd0460, 0x33fd0600, 0x34220000)
    ro space 10240K,  45% used [0x37620000, 0x37aa73d8, 0x37aa7400, 0x38020000)
    rw space 12288K,  54% used [0x38020000, 0x386aacc8, 0x386aae00, 0x38c20000)
}
Event: 64.085 GC heap before
{Heap before GC invocations=15 (full 2):
 def new generation   total 17088K, used 15232K [0x23820000, 0x24aa0000, 0x28cc0000)
  eden space 15232K, 100% used [0x23820000, 0x24700000, 0x24700000)
  from space 1856K,   0% used [0x24700000, 0x24700000, 0x248d0000)
  to   space 1856K,   0% used [0x248d0000, 0x248d0000, 0x24aa0000)
 tenured generation   total 37728K, used 22636K [0x28cc0000, 0x2b198000, 0x33620000)
   the space 37728K,  59% used [0x28cc0000, 0x2a2db080, 0x2a2db200, 0x2b198000)
 compacting perm gen  total 12288K, used 10096K [0x33620000, 0x34220000, 0x37620000)
   the space 12288K,  82% used [0x33620000, 0x33ffc120, 0x33ffc200, 0x34220000)
    ro space 10240K,  45% used [0x37620000, 0x37aa73d8, 0x37aa7400, 0x38020000)
    rw space 12288K,  54% used [0x38020000, 0x386aacc8, 0x386aae00, 0x38c20000)
Event: 64.099 GC heap after
Heap after GC invocations=16 (full 2):
 def new generation   total 17088K, used 270K [0x23820000, 0x24aa0000, 0x28cc0000)
  eden space 15232K,   0% used [0x23820000, 0x23820000, 0x24700000)
  from space 1856K,  14% used [0x248d0000, 0x24913968, 0x24aa0000)
  to   space 1856K,   0% used [0x24700000, 0x24700000, 0x248d0000)
 tenured generation   total 37728K, used 22636K [0x28cc0000, 0x2b198000, 0x33620000)
   the space 37728K,  59% used [0x28cc0000, 0x2a2db080, 0x2a2db200, 0x2b198000)
 compacting perm gen  total 12288K, used 10096K [0x33620000, 0x34220000, 0x37620000)
   the space 12288K,  82% used [0x33620000, 0x33ffc120, 0x33ffc200, 0x34220000)
    ro space 10240K,  45% used [0x37620000, 0x37aa73d8, 0x37aa7400, 0x38020000)
    rw space 12288K,  54% used [0x38020000, 0x386aacc8, 0x386aae00, 0x38c20000)
}

