# JRE version: 7.0_17-b02
# Java VM: Java HotSpot(TM) Client VM (23.7-b01 mixed mode, sharing windows-x86 )
Heap
 def new generation   total 13312K, used 5564K [0x23820000, 0x24690000, 0x28cc0000)
  eden space 11840K,  34% used [0x23820000, 0x23c1f140, 0x243b0000)
  from space 1472K, 100% used [0x24520000, 0x24690000, 0x24690000)
  to   space 1472K,   0% used [0x243b0000, 0x243b0000, 0x24520000)
 tenured generation   total 29376K, used 20122K [0x28cc0000, 0x2a970000, 0x33620000)
   the space 29376K,  68% used [0x28cc0000, 0x2a066970, 0x2a066a00, 0x2a970000)
 compacting perm gen  total 12288K, used 8932K [0x33620000, 0x34220000, 0x37620000)
   the space 12288K,  72% used [0x33620000, 0x33ed9288, 0x33ed9400, 0x34220000)
    ro space 10240K,  45% used [0x37620000, 0x37aa73d8, 0x37aa7400, 0x38020000)
    rw space 12288K,  54% used [0x38020000, 0x386aacc8, 0x386aae00, 0x38c20000)
GC Heap History (10 events):
Event: 35.401 GC heap before
{Heap before GC invocations=10 (full 0):
 def new generation   total 4864K, used 4346K [0x23820000, 0x23d60000, 0x28cc0000)
  eden space 4352K,  88% used [0x23820000, 0x23bdeba8, 0x23c60000)
  from space 512K, 100% used [0x23c60000, 0x23ce0000, 0x23ce0000)
  to   space 512K,   0% used [0x23ce0000, 0x23ce0000, 0x23d60000)
 tenured generation   total 10880K, used 7246K [0x28cc0000, 0x29760000, 0x33620000)
   the space 10880K,  66% used [0x28cc0000, 0x293d3b00, 0x293d3c00, 0x29760000)
 compacting perm gen  total 12288K, used 8388K [0x33620000, 0x34220000, 0x37620000)
   the space 12288K,  68% used [0x33620000, 0x33e51330, 0x33e51400, 0x34220000)
    ro space 10240K,  45% used [0x37620000, 0x37aa73d8, 0x37aa7400, 0x38020000)
    rw space 12288K,  54% used [0x38020000, 0x386aacc8, 0x386aae00, 0x38c20000)
Event: 35.428 GC heap after
Heap after GC invocations=11 (full 0):
 def new generation   total 4864K, used 299K [0x23820000, 0x23d60000, 0x28cc0000)
  eden space 4352K,   0% used [0x23820000, 0x23820000, 0x23c60000)
  from space 512K,  58% used [0x23ce0000, 0x23d2af08, 0x23d60000)
  to   space 512K,   0% used [0x23c60000, 0x23c60000, 0x23ce0000)
 tenured generation   total 10880K, used 9567K [0x28cc0000, 0x29760000, 0x33620000)
   the space 10880K,  87% used [0x28cc0000, 0x29617ed0, 0x29618000, 0x29760000)
 compacting perm gen  total 12288K, used 8388K [0x33620000, 0x34220000, 0x37620000)
   the space 12288K,  68% used [0x33620000, 0x33e51330, 0x33e51400, 0x34220000)
    ro space 10240K,  45% used [0x37620000, 0x37aa73d8, 0x37aa7400, 0x38020000)
    rw space 12288K,  54% used [0x38020000, 0x386aacc8, 0x386aae00, 0x38c20000)
}
Event: 35.525 GC heap before
{Heap before GC invocations=11 (full 0):
 def new generation   total 4864K, used 4030K [0x23820000, 0x23d60000, 0x28cc0000)
  eden space 4352K,  85% used [0x23820000, 0x23bc4c60, 0x23c60000)
  from space 512K,  58% used [0x23ce0000, 0x23d2af08, 0x23d60000)
  to   space 512K,   0% used [0x23c60000, 0x23c60000, 0x23ce0000)
 tenured generation   total 10880K, used 9567K [0x28cc0000, 0x29760000, 0x33620000)
   the space 10880K,  87% used [0x28cc0000, 0x29617ed0, 0x29618000, 0x29760000)
 compacting perm gen  total 12288K, used 8391K [0x33620000, 0x34220000, 0x37620000)
   the space 12288K,  68% used [0x33620000, 0x33e51ce8, 0x33e51e00, 0x34220000)
    ro space 10240K,  45% used [0x37620000, 0x37aa73d8, 0x37aa7400, 0x38020000)
    rw space 12288K,  54% used [0x38020000, 0x386aacc8, 0x386aae00, 0x38c20000)
Event: 35.700 GC heap after
Heap after GC invocations=12 (full 1):
 def new generation   total 7808K, used 0K [0x23820000, 0x24090000, 0x28cc0000)
  eden space 6976K,   0% used [0x23820000, 0x23820000, 0x23ef0000)
  from space 832K,   0% used [0x23ef0000, 0x23ef0000, 0x23fc0000)
  to   space 832K,   0% used [0x23fc0000, 0x23fc0000, 0x24090000)
 tenured generation   total 17108K, used 10264K [0x28cc0000, 0x29d75000, 0x33620000)
   the space 17108K,  59% used [0x28cc0000, 0x296c6030, 0x296c6200, 0x29d75000)
 compacting perm gen  total 12288K, used 8391K [0x33620000, 0x34220000, 0x37620000)
   the space 12288K,  68% used [0x33620000, 0x33e51ce8, 0x33e51e00, 0x34220000)
    ro space 10240K,  45% used [0x37620000, 0x37aa73d8, 0x37aa7400, 0x38020000)
    rw space 12288K,  54% used [0x38020000, 0x386aacc8, 0x386aae00, 0x38c20000)
}
Event: 35.911 GC heap before
{Heap before GC invocations=12 (full 1):
 def new generation   total 7808K, used 6040K [0x23820000, 0x24090000, 0x28cc0000)
  eden space 6976K,  86% used [0x23820000, 0x23e062f0, 0x23ef0000)
  from space 832K,   0% used [0x23ef0000, 0x23ef0000, 0x23fc0000)
  to   space 832K,   0% used [0x23fc0000, 0x23fc0000, 0x24090000)
 tenured generation   total 17108K, used 10264K [0x28cc0000, 0x29d75000, 0x33620000)
   the space 17108K,  59% used [0x28cc0000, 0x296c6030, 0x296c6200, 0x29d75000)
 compacting perm gen  total 12288K, used 8394K [0x33620000, 0x34220000, 0x37620000)
   the space 12288K,  68% used [0x33620000, 0x33e52918, 0x33e52a00, 0x34220000)
    ro space 10240K,  45% used [0x37620000, 0x37aa73d8, 0x37aa7400, 0x38020000)
    rw space 12288K,  54% used [0x38020000, 0x386aacc8, 0x386aae00, 0x38c20000)
Event: 35.927 GC heap after
Heap after GC invocations=13 (full 1):
 def new generation   total 7808K, used 600K [0x23820000, 0x24090000, 0x28cc0000)
  eden space 6976K,   0% used [0x23820000, 0x23820000, 0x23ef0000)
  from space 832K,  72% used [0x23fc0000, 0x24056218, 0x24090000)
  to   space 832K,   0% used [0x23ef0000, 0x23ef0000, 0x23fc0000)
 tenured generation   total 17108K, used 15664K [0x28cc0000, 0x29d75000, 0x33620000)
   the space 17108K,  91% used [0x28cc0000, 0x29c0c0a0, 0x29c0c200, 0x29d75000)
 compacting perm gen  total 12288K, used 8394K [0x33620000, 0x34220000, 0x37620000)
   the space 12288K,  68% used [0x33620000, 0x33e52918, 0x33e52a00, 0x34220000)
    ro space 10240K,  45% used [0x37620000, 0x37aa73d8, 0x37aa7400, 0x38020000)
    rw space 12288K,  54% used [0x38020000, 0x386aacc8, 0x386aae00, 0x38c20000)
}
Event: 53.941 GC heap before
{Heap before GC invocations=13 (full 1):
 def new generation   total 7808K, used 6976K [0x23820000, 0x24090000, 0x28cc0000)
  eden space 6976K,  91% used [0x23820000, 0x23e59fc0, 0x23ef0000)
  from space 832K,  72% used [0x23fc0000, 0x24056218, 0x24090000)
  to   space 832K,   0% used [0x23ef0000, 0x23ef0000, 0x23fc0000)
 tenured generation   total 17108K, used 15664K [0x28cc0000, 0x29d75000, 0x33620000)
   the space 17108K,  91% used [0x28cc0000, 0x29c0c0a0, 0x29c0c200, 0x29d75000)
 compacting perm gen  total 12288K, used 8632K [0x33620000, 0x34220000, 0x37620000)
   the space 12288K,  70% used [0x33620000, 0x33e8e360, 0x33e8e400, 0x34220000)
    ro space 10240K,  45% used [0x37620000, 0x37aa73d8, 0x37aa7400, 0x38020000)
    rw space 12288K,  54% used [0x38020000, 0x386aacc8, 0x386aae00, 0x38c20000)
Event: 54.103 GC heap after
Heap after GC invocations=14 (full 2):
 def new generation   total 13312K, used 0K [0x23820000, 0x24690000, 0x28cc0000)
  eden space 11840K,   0% used [0x23820000, 0x23820000, 0x243b0000)
  from space 1472K,   0% used [0x243b0000, 0x243b0000, 0x24520000)
  to   space 1472K,   0% used [0x24520000, 0x24520000, 0x24690000)
 tenured generation   total 29376K, used 17625K [0x28cc0000, 0x2a970000, 0x33620000)
   the space 29376K,  59% used [0x28cc0000, 0x29df64e0, 0x29df6600, 0x2a970000)
 compacting perm gen  total 12288K, used 8632K [0x33620000, 0x34220000, 0x37620000)
   the space 12288K,  70% used [0x33620000, 0x33e8e360, 0x33e8e400, 0x34220000)
    ro space 10240K,  45% used [0x37620000, 0x37aa73d8, 0x37aa7400, 0x38020000)
    rw space 12288K,  54% used [0x38020000, 0x386aacc8, 0x386aae00, 0x38c20000)
}
Event: 76.134 GC heap before
{Heap before GC invocations=14 (full 2):
 def new generation   total 13312K, used 11840K [0x23820000, 0x24690000, 0x28cc0000)
  eden space 11840K, 100% used [0x23820000, 0x243b0000, 0x243b0000)
  from space 1472K,   0% used [0x243b0000, 0x243b0000, 0x24520000)
  to   space 1472K,   0% used [0x24520000, 0x24520000, 0x24690000)
 tenured generation   total 29376K, used 17625K [0x28cc0000, 0x2a970000, 0x33620000)
   the space 29376K,  59% used [0x28cc0000, 0x29df64e0, 0x29df6600, 0x2a970000)
 compacting perm gen  total 12288K, used 8927K [0x33620000, 0x34220000, 0x37620000)
   the space 12288K,  72% used [0x33620000, 0x33ed7da8, 0x33ed7e00, 0x34220000)
    ro space 10240K,  45% used [0x37620000, 0x37aa73d8, 0x37aa7400, 0x38020000)
    rw space 12288K,  54% used [0x38020000, 0x386aacc8, 0x386aae00, 0x38c20000)
Event: 76.160 GC heap after
Heap after GC invocations=15 (full 2):
 def new generation   total 13312K, used 1472K [0x23820000, 0x24690000, 0x28cc0000)
  eden space 11840K,   0% used [0x23820000, 0x23820000, 0x243b0000)
  from space 1472K, 100% used [0x24520000, 0x24690000, 0x24690000)
  to   space 1472K,   0% used [0x243b0000, 0x243b0000, 0x24520000)
 tenured generation   total 29376K, used 20122K [0x28cc0000, 0x2a970000, 0x33620000)
   the space 29376K,  68% used [0x28cc0000, 0x2a066970, 0x2a066a00, 0x2a970000)
 compacting perm gen  total 12288K, used 8927K [0x33620000, 0x34220000, 0x37620000)
   the space 12288K,  72% used [0x33620000, 0x33ed7da8, 0x33ed7e00, 0x34220000)
    ro space 10240K,  45% used [0x37620000, 0x37aa73d8, 0x37aa7400, 0x38020000)
    rw space 12288K,  54% used [0x38020000, 0x386aacc8, 0x386aae00, 0x38c20000)
}

