# JRE version: 7.0_17-b02
# Java VM: Java HotSpot(TM) Client VM (23.7-b01 mixed mode, sharing windows-x86 )
Heap
 def new generation   total 12800K, used 4232K [0x23820000, 0x24600000, 0x28cc0000)
  eden space 11392K,  36% used [0x23820000, 0x23c3d0e0, 0x24340000)
  from space 1408K,   1% used [0x24340000, 0x24345058, 0x244a0000)
  to   space 1408K,   0% used [0x244a0000, 0x244a0000, 0x24600000)
 tenured generation   total 28216K, used 24295K [0x28cc0000, 0x2a84e000, 0x33620000)
   the space 28216K,  86% used [0x28cc0000, 0x2a479d18, 0x2a479e00, 0x2a84e000)
 compacting perm gen  total 12288K, used 9443K [0x33620000, 0x34220000, 0x37620000)
   the space 12288K,  76% used [0x33620000, 0x33f58f58, 0x33f59000, 0x34220000)
    ro space 10240K,  45% used [0x37620000, 0x37aa73d8, 0x37aa7400, 0x38020000)
    rw space 12288K,  54% used [0x38020000, 0x386aacc8, 0x386aae00, 0x38c20000)
GC Heap History (10 events):
Event: 18.849 GC heap before
{Heap before GC invocations=11 (full 1):
 def new generation   total 6976K, used 6876K [0x23820000, 0x23fb0000, 0x28cc0000)
  eden space 6208K, 100% used [0x23820000, 0x23e30000, 0x23e30000)
  from space 768K,  87% used [0x23ef0000, 0x23f97228, 0x23fb0000)
  to   space 768K,   0% used [0x23e30000, 0x23e30000, 0x23ef0000)
 tenured generation   total 15268K, used 13959K [0x28cc0000, 0x29ba9000, 0x33620000)
   the space 15268K,  91% used [0x28cc0000, 0x29a61d58, 0x29a61e00, 0x29ba9000)
 compacting perm gen  total 12288K, used 7087K [0x33620000, 0x34220000, 0x37620000)
   the space 12288K,  57% used [0x33620000, 0x33d0be70, 0x33d0c000, 0x34220000)
    ro space 10240K,  45% used [0x37620000, 0x37aa73d8, 0x37aa7400, 0x38020000)
    rw space 12288K,  54% used [0x38020000, 0x386aacc8, 0x386aae00, 0x38c20000)
Event: 19.001 GC heap after
Heap after GC invocations=12 (full 2):
 def new generation   total 12800K, used 727K [0x23820000, 0x24600000, 0x28cc0000)
  eden space 11392K,   6% used [0x23820000, 0x238d5e40, 0x24340000)
  from space 1408K,   0% used [0x24340000, 0x24340000, 0x244a0000)
  to   space 1408K,   0% used [0x244a0000, 0x244a0000, 0x24600000)
 tenured generation   total 28216K, used 16929K [0x28cc0000, 0x2a84e000, 0x33620000)
   the space 28216K,  59% used [0x28cc0000, 0x29d485b0, 0x29d48600, 0x2a84e000)
 compacting perm gen  total 12288K, used 7087K [0x33620000, 0x34220000, 0x37620000)
   the space 12288K,  57% used [0x33620000, 0x33d0be70, 0x33d0c000, 0x34220000)
    ro space 10240K,  45% used [0x37620000, 0x37aa73d8, 0x37aa7400, 0x38020000)
    rw space 12288K,  54% used [0x38020000, 0x386aacc8, 0x386aae00, 0x38c20000)
}
Event: 26.453 GC heap before
{Heap before GC invocations=12 (full 2):
 def new generation   total 12800K, used 11294K [0x23820000, 0x24600000, 0x28cc0000)
  eden space 11392K,  99% used [0x23820000, 0x24327b28, 0x24340000)
  from space 1408K,   0% used [0x24340000, 0x24340000, 0x244a0000)
  to   space 1408K,   0% used [0x244a0000, 0x244a0000, 0x24600000)
 tenured generation   total 28216K, used 16929K [0x28cc0000, 0x2a84e000, 0x33620000)
   the space 28216K,  59% used [0x28cc0000, 0x29d485b0, 0x29d48600, 0x2a84e000)
 compacting perm gen  total 12288K, used 8445K [0x33620000, 0x34220000, 0x37620000)
   the space 12288K,  68% used [0x33620000, 0x33e5f648, 0x33e5f800, 0x34220000)
    ro space 10240K,  45% used [0x37620000, 0x37aa73d8, 0x37aa7400, 0x38020000)
    rw space 12288K,  54% used [0x38020000, 0x386aacc8, 0x386aae00, 0x38c20000)
Event: 26.519 GC heap after
Heap after GC invocations=13 (full 2):
 def new generation   total 12800K, used 1408K [0x23820000, 0x24600000, 0x28cc0000)
  eden space 11392K,   0% used [0x23820000, 0x23820000, 0x24340000)
  from space 1408K, 100% used [0x244a0000, 0x24600000, 0x24600000)
  to   space 1408K,   0% used [0x24340000, 0x24340000, 0x244a0000)
 tenured generation   total 28216K, used 18444K [0x28cc0000, 0x2a84e000, 0x33620000)
   the space 28216K,  65% used [0x28cc0000, 0x29ec3290, 0x29ec3400, 0x2a84e000)
 compacting perm gen  total 12288K, used 8445K [0x33620000, 0x34220000, 0x37620000)
   the space 12288K,  68% used [0x33620000, 0x33e5f648, 0x33e5f800, 0x34220000)
    ro space 10240K,  45% used [0x37620000, 0x37aa73d8, 0x37aa7400, 0x38020000)
    rw space 12288K,  54% used [0x38020000, 0x386aacc8, 0x386aae00, 0x38c20000)
}
Event: 31.252 GC heap before
{Heap before GC invocations=13 (full 2):
 def new generation   total 12800K, used 12798K [0x23820000, 0x24600000, 0x28cc0000)
  eden space 11392K,  99% used [0x23820000, 0x2433fba8, 0x24340000)
  from space 1408K, 100% used [0x244a0000, 0x24600000, 0x24600000)
  to   space 1408K,   0% used [0x24340000, 0x24340000, 0x244a0000)
 tenured generation   total 28216K, used 18444K [0x28cc0000, 0x2a84e000, 0x33620000)
   the space 28216K,  65% used [0x28cc0000, 0x29ec3290, 0x29ec3400, 0x2a84e000)
 compacting perm gen  total 12288K, used 9295K [0x33620000, 0x34220000, 0x37620000)
   the space 12288K,  75% used [0x33620000, 0x33f33c50, 0x33f33e00, 0x34220000)
    ro space 10240K,  45% used [0x37620000, 0x37aa73d8, 0x37aa7400, 0x38020000)
    rw space 12288K,  54% used [0x38020000, 0x386aacc8, 0x386aae00, 0x38c20000)
Event: 31.314 GC heap after
Heap after GC invocations=14 (full 2):
 def new generation   total 12800K, used 1408K [0x23820000, 0x24600000, 0x28cc0000)
  eden space 11392K,   0% used [0x23820000, 0x23820000, 0x24340000)
  from space 1408K, 100% used [0x24340000, 0x244a0000, 0x244a0000)
  to   space 1408K,   0% used [0x244a0000, 0x244a0000, 0x24600000)
 tenured generation   total 28216K, used 20718K [0x28cc0000, 0x2a84e000, 0x33620000)
   the space 28216K,  73% used [0x28cc0000, 0x2a0fb9e8, 0x2a0fba00, 0x2a84e000)
 compacting perm gen  total 12288K, used 9295K [0x33620000, 0x34220000, 0x37620000)
   the space 12288K,  75% used [0x33620000, 0x33f33c50, 0x33f33e00, 0x34220000)
    ro space 10240K,  45% used [0x37620000, 0x37aa73d8, 0x37aa7400, 0x38020000)
    rw space 12288K,  54% used [0x38020000, 0x386aacc8, 0x386aae00, 0x38c20000)
}
Event: 42.010 GC heap before
{Heap before GC invocations=14 (full 2):
 def new generation   total 12800K, used 12692K [0x23820000, 0x24600000, 0x28cc0000)
  eden space 11392K,  99% used [0x23820000, 0x24325210, 0x24340000)
  from space 1408K, 100% used [0x24340000, 0x244a0000, 0x244a0000)
  to   space 1408K,   0% used [0x244a0000, 0x244a0000, 0x24600000)
 tenured generation   total 28216K, used 20718K [0x28cc0000, 0x2a84e000, 0x33620000)
   the space 28216K,  73% used [0x28cc0000, 0x2a0fb9e8, 0x2a0fba00, 0x2a84e000)
 compacting perm gen  total 12288K, used 9435K [0x33620000, 0x34220000, 0x37620000)
   the space 12288K,  76% used [0x33620000, 0x33f56c48, 0x33f56e00, 0x34220000)
    ro space 10240K,  45% used [0x37620000, 0x37aa73d8, 0x37aa7400, 0x38020000)
    rw space 12288K,  54% used [0x38020000, 0x386aacc8, 0x386aae00, 0x38c20000)
Event: 42.044 GC heap after
Heap after GC invocations=15 (full 2):
 def new generation   total 12800K, used 785K [0x23820000, 0x24600000, 0x28cc0000)
  eden space 11392K,   0% used [0x23820000, 0x23820000, 0x24340000)
  from space 1408K,  55% used [0x244a0000, 0x24564488, 0x24600000)
  to   space 1408K,   0% used [0x24340000, 0x24340000, 0x244a0000)
 tenured generation   total 28216K, used 23535K [0x28cc0000, 0x2a84e000, 0x33620000)
   the space 28216K,  83% used [0x28cc0000, 0x2a3bbfa8, 0x2a3bc000, 0x2a84e000)
 compacting perm gen  total 12288K, used 9435K [0x33620000, 0x34220000, 0x37620000)
   the space 12288K,  76% used [0x33620000, 0x33f56c48, 0x33f56e00, 0x34220000)
    ro space 10240K,  45% used [0x37620000, 0x37aa73d8, 0x37aa7400, 0x38020000)
    rw space 12288K,  54% used [0x38020000, 0x386aacc8, 0x386aae00, 0x38c20000)
}
Event: 53.791 GC heap before
{Heap before GC invocations=15 (full 2):
 def new generation   total 12800K, used 12167K [0x23820000, 0x24600000, 0x28cc0000)
  eden space 11392K,  99% used [0x23820000, 0x2433d7e0, 0x24340000)
  from space 1408K,  55% used [0x244a0000, 0x24564488, 0x24600000)
  to   space 1408K,   0% used [0x24340000, 0x24340000, 0x244a0000)
 tenured generation   total 28216K, used 23535K [0x28cc0000, 0x2a84e000, 0x33620000)
   the space 28216K,  83% used [0x28cc0000, 0x2a3bbfa8, 0x2a3bc000, 0x2a84e000)
 compacting perm gen  total 12288K, used 9436K [0x33620000, 0x34220000, 0x37620000)
   the space 12288K,  76% used [0x33620000, 0x33f57098, 0x33f57200, 0x34220000)
    ro space 10240K,  45% used [0x37620000, 0x37aa73d8, 0x37aa7400, 0x38020000)
    rw space 12288K,  54% used [0x38020000, 0x386aacc8, 0x386aae00, 0x38c20000)
Event: 53.806 GC heap after
Heap after GC invocations=16 (full 2):
 def new generation   total 12800K, used 20K [0x23820000, 0x24600000, 0x28cc0000)
  eden space 11392K,   0% used [0x23820000, 0x23820000, 0x24340000)
  from space 1408K,   1% used [0x24340000, 0x24345058, 0x244a0000)
  to   space 1408K,   0% used [0x244a0000, 0x244a0000, 0x24600000)
 tenured generation   total 28216K, used 24295K [0x28cc0000, 0x2a84e000, 0x33620000)
   the space 28216K,  86% used [0x28cc0000, 0x2a479d18, 0x2a479e00, 0x2a84e000)
 compacting perm gen  total 12288K, used 9436K [0x33620000, 0x34220000, 0x37620000)
   the space 12288K,  76% used [0x33620000, 0x33f57098, 0x33f57200, 0x34220000)
    ro space 10240K,  45% used [0x37620000, 0x37aa73d8, 0x37aa7400, 0x38020000)
    rw space 12288K,  54% used [0x38020000, 0x386aacc8, 0x386aae00, 0x38c20000)
}

