# JRE version: 7.0_17-b02
# Java VM: Java HotSpot(TM) Client VM (23.7-b01 mixed mode, sharing windows-x86 )
Heap
 def new generation   total 13952K, used 9899K [0x23ff0000, 0x24f10000, 0x29540000)
  eden space 12416K,  79% used [0x23ff0000, 0x2499ae70, 0x24c10000)
  from space 1536K,   0% used [0x24c10000, 0x24c10000, 0x24d90000)
  to   space 1536K,   0% used [0x24d90000, 0x24d90000, 0x24f10000)
 tenured generation   total 30836K, used 18500K [0x29540000, 0x2b35d000, 0x33ff0000)
   the space 30836K,  59% used [0x29540000, 0x2a751048, 0x2a751200, 0x2b35d000)
 compacting perm gen  total 12288K, used 9873K [0x33ff0000, 0x34bf0000, 0x37ff0000)
   the space 12288K,  80% used [0x33ff0000, 0x34994490, 0x34994600, 0x34bf0000)
    ro space 10240K,  45% used [0x37ff0000, 0x384773d8, 0x38477400, 0x389f0000)
    rw space 12288K,  54% used [0x389f0000, 0x3907acc8, 0x3907ae00, 0x395f0000)
GC Heap History (10 events):
Event: 15.777 GC heap before
{Heap before GC invocations=10 (full 0):
 def new generation   total 4928K, used 4927K [0x23ff0000, 0x24540000, 0x29540000)
  eden space 4416K, 100% used [0x23ff0000, 0x24440000, 0x24440000)
  from space 512K,  99% used [0x24440000, 0x244bfff8, 0x244c0000)
  to   space 512K,   0% used [0x244c0000, 0x244c0000, 0x24540000)
 tenured generation   total 10944K, used 8778K [0x29540000, 0x29ff0000, 0x33ff0000)
   the space 10944K,  80% used [0x29540000, 0x29dd28d0, 0x29dd2a00, 0x29ff0000)
 compacting perm gen  total 12288K, used 8412K [0x33ff0000, 0x34bf0000, 0x37ff0000)
   the space 12288K,  68% used [0x33ff0000, 0x34827160, 0x34827200, 0x34bf0000)
    ro space 10240K,  45% used [0x37ff0000, 0x384773d8, 0x38477400, 0x389f0000)
    rw space 12288K,  54% used [0x389f0000, 0x3907acc8, 0x3907ae00, 0x395f0000)
Event: 15.782 GC heap after
Heap after GC invocations=11 (full 0):
 def new generation   total 4928K, used 512K [0x23ff0000, 0x24540000, 0x29540000)
  eden space 4416K,   0% used [0x23ff0000, 0x23ff0000, 0x24440000)
  from space 512K, 100% used [0x244c0000, 0x24540000, 0x24540000)
  to   space 512K,   0% used [0x24440000, 0x24440000, 0x244c0000)
 tenured generation   total 10944K, used 9909K [0x29540000, 0x29ff0000, 0x33ff0000)
   the space 10944K,  90% used [0x29540000, 0x29eed6d0, 0x29eed800, 0x29ff0000)
 compacting perm gen  total 12288K, used 8412K [0x33ff0000, 0x34bf0000, 0x37ff0000)
   the space 12288K,  68% used [0x33ff0000, 0x34827160, 0x34827200, 0x34bf0000)
    ro space 10240K,  45% used [0x37ff0000, 0x384773d8, 0x38477400, 0x389f0000)
    rw space 12288K,  54% used [0x389f0000, 0x3907acc8, 0x3907ae00, 0x395f0000)
}
Event: 15.897 GC heap before
{Heap before GC invocations=11 (full 0):
 def new generation   total 4928K, used 4928K [0x23ff0000, 0x24540000, 0x29540000)
  eden space 4416K, 100% used [0x23ff0000, 0x24440000, 0x24440000)
  from space 512K, 100% used [0x244c0000, 0x24540000, 0x24540000)
  to   space 512K,   0% used [0x24440000, 0x24440000, 0x244c0000)
 tenured generation   total 10944K, used 9909K [0x29540000, 0x29ff0000, 0x33ff0000)
   the space 10944K,  90% used [0x29540000, 0x29eed6d0, 0x29eed800, 0x29ff0000)
 compacting perm gen  total 12288K, used 8998K [0x33ff0000, 0x34bf0000, 0x37ff0000)
   the space 12288K,  73% used [0x33ff0000, 0x348b98a0, 0x348b9a00, 0x34bf0000)
    ro space 10240K,  45% used [0x37ff0000, 0x384773d8, 0x38477400, 0x389f0000)
    rw space 12288K,  54% used [0x389f0000, 0x3907acc8, 0x3907ae00, 0x395f0000)
Event: 15.900 GC heap after
Heap after GC invocations=12 (full 0):
 def new generation   total 4928K, used 512K [0x23ff0000, 0x24540000, 0x29540000)
  eden space 4416K,   0% used [0x23ff0000, 0x23ff0000, 0x24440000)
  from space 512K, 100% used [0x24440000, 0x244c0000, 0x244c0000)
  to   space 512K,   0% used [0x244c0000, 0x244c0000, 0x24540000)
 tenured generation   total 10944K, used 10265K [0x29540000, 0x29ff0000, 0x33ff0000)
   the space 10944K,  93% used [0x29540000, 0x29f465c8, 0x29f46600, 0x29ff0000)
 compacting perm gen  total 12288K, used 8998K [0x33ff0000, 0x34bf0000, 0x37ff0000)
   the space 12288K,  73% used [0x33ff0000, 0x348b98a0, 0x348b9a00, 0x34bf0000)
    ro space 10240K,  45% used [0x37ff0000, 0x384773d8, 0x38477400, 0x389f0000)
    rw space 12288K,  54% used [0x389f0000, 0x3907acc8, 0x3907ae00, 0x395f0000)
}
Event: 16.506 GC heap before
{Heap before GC invocations=12 (full 0):
 def new generation   total 4928K, used 4378K [0x23ff0000, 0x24540000, 0x29540000)
  eden space 4416K,  87% used [0x23ff0000, 0x243b6820, 0x24440000)
  from space 512K, 100% used [0x24440000, 0x244c0000, 0x244c0000)
  to   space 512K,   0% used [0x244c0000, 0x244c0000, 0x24540000)
 tenured generation   total 10944K, used 10265K [0x29540000, 0x29ff0000, 0x33ff0000)
   the space 10944K,  93% used [0x29540000, 0x29f465c8, 0x29f46600, 0x29ff0000)
 compacting perm gen  total 12288K, used 9680K [0x33ff0000, 0x34bf0000, 0x37ff0000)
   the space 12288K,  78% used [0x33ff0000, 0x349641c0, 0x34964200, 0x34bf0000)
    ro space 10240K,  45% used [0x37ff0000, 0x384773d8, 0x38477400, 0x389f0000)
    rw space 12288K,  54% used [0x389f0000, 0x3907acc8, 0x3907ae00, 0x395f0000)
Event: 16.586 GC heap after
Heap after GC invocations=13 (full 1):
 def new generation   total 6464K, used 0K [0x23ff0000, 0x246f0000, 0x29540000)
  eden space 5760K,   0% used [0x23ff0000, 0x23ff0000, 0x24590000)
  from space 704K,   0% used [0x24590000, 0x24590000, 0x24640000)
  to   space 704K,   0% used [0x24640000, 0x24640000, 0x246f0000)
 tenured generation   total 14164K, used 8497K [0x29540000, 0x2a315000, 0x33ff0000)
   the space 14164K,  59% used [0x29540000, 0x29d8c500, 0x29d8c600, 0x2a315000)
 compacting perm gen  total 12288K, used 9680K [0x33ff0000, 0x34bf0000, 0x37ff0000)
   the space 12288K,  78% used [0x33ff0000, 0x349641c0, 0x34964200, 0x34bf0000)
    ro space 10240K,  45% used [0x37ff0000, 0x384773d8, 0x38477400, 0x389f0000)
    rw space 12288K,  54% used [0x389f0000, 0x3907acc8, 0x3907ae00, 0x395f0000)
}
Event: 16.710 GC heap before
{Heap before GC invocations=13 (full 1):
 def new generation   total 6464K, used 5548K [0x23ff0000, 0x246f0000, 0x29540000)
  eden space 5760K,  96% used [0x23ff0000, 0x2455b0e8, 0x24590000)
  from space 704K,   0% used [0x24590000, 0x24590000, 0x24640000)
  to   space 704K,   0% used [0x24640000, 0x24640000, 0x246f0000)
 tenured generation   total 14164K, used 8497K [0x29540000, 0x2a315000, 0x33ff0000)
   the space 14164K,  59% used [0x29540000, 0x29d8c500, 0x29d8c600, 0x2a315000)
 compacting perm gen  total 12288K, used 9685K [0x33ff0000, 0x34bf0000, 0x37ff0000)
   the space 12288K,  78% used [0x33ff0000, 0x349657a8, 0x34965800, 0x34bf0000)
    ro space 10240K,  45% used [0x37ff0000, 0x384773d8, 0x38477400, 0x389f0000)
    rw space 12288K,  54% used [0x389f0000, 0x3907acc8, 0x3907ae00, 0x395f0000)
Event: 16.714 GC heap after
Heap after GC invocations=14 (full 1):
 def new generation   total 6464K, used 606K [0x23ff0000, 0x246f0000, 0x29540000)
  eden space 5760K,   0% used [0x23ff0000, 0x23ff0000, 0x24590000)
  from space 704K,  86% used [0x24640000, 0x246d7a90, 0x246f0000)
  to   space 704K,   0% used [0x24590000, 0x24590000, 0x24640000)
 tenured generation   total 14164K, used 13297K [0x29540000, 0x2a315000, 0x33ff0000)
   the space 14164K,  93% used [0x29540000, 0x2a23c550, 0x2a23c600, 0x2a315000)
 compacting perm gen  total 12288K, used 9685K [0x33ff0000, 0x34bf0000, 0x37ff0000)
   the space 12288K,  78% used [0x33ff0000, 0x349657a8, 0x34965800, 0x34bf0000)
    ro space 10240K,  45% used [0x37ff0000, 0x384773d8, 0x38477400, 0x389f0000)
    rw space 12288K,  54% used [0x389f0000, 0x3907acc8, 0x3907ae00, 0x395f0000)
}
Event: 17.051 GC heap before
{Heap before GC invocations=14 (full 1):
 def new generation   total 6464K, used 6061K [0x23ff0000, 0x246f0000, 0x29540000)
  eden space 5760K,  94% used [0x23ff0000, 0x24543b10, 0x24590000)
  from space 704K,  86% used [0x24640000, 0x246d7a90, 0x246f0000)
  to   space 704K,   0% used [0x24590000, 0x24590000, 0x24640000)
 tenured generation   total 14164K, used 13297K [0x29540000, 0x2a315000, 0x33ff0000)
   the space 14164K,  93% used [0x29540000, 0x2a23c550, 0x2a23c600, 0x2a315000)
 compacting perm gen  total 12288K, used 9690K [0x33ff0000, 0x34bf0000, 0x37ff0000)
   the space 12288K,  78% used [0x33ff0000, 0x34966ad8, 0x34966c00, 0x34bf0000)
    ro space 10240K,  45% used [0x37ff0000, 0x384773d8, 0x38477400, 0x389f0000)
    rw space 12288K,  54% used [0x389f0000, 0x3907acc8, 0x3907ae00, 0x395f0000)
Event: 17.127 GC heap after
Heap after GC invocations=15 (full 2):
 def new generation   total 13952K, used 603K [0x23ff0000, 0x24f10000, 0x29540000)
  eden space 12416K,   4% used [0x23ff0000, 0x24086e80, 0x24c10000)
  from space 1536K,   0% used [0x24c10000, 0x24c10000, 0x24d90000)
  to   space 1536K,   0% used [0x24d90000, 0x24d90000, 0x24f10000)
 tenured generation   total 30836K, used 18500K [0x29540000, 0x2b35d000, 0x33ff0000)
   the space 30836K,  59% used [0x29540000, 0x2a751048, 0x2a751200, 0x2b35d000)
 compacting perm gen  total 12288K, used 9690K [0x33ff0000, 0x34bf0000, 0x37ff0000)
   the space 12288K,  78% used [0x33ff0000, 0x34966ad8, 0x34966c00, 0x34bf0000)
    ro space 10240K,  45% used [0x37ff0000, 0x384773d8, 0x38477400, 0x389f0000)
    rw space 12288K,  54% used [0x389f0000, 0x3907acc8, 0x3907ae00, 0x395f0000)
}

