# JRE version: 7.0_17-b02
# Java VM: Java HotSpot(TM) Client VM (23.7-b01 mixed mode, sharing windows-x86 )
Heap
 def new generation   total 12672K, used 2703K [0x23820000, 0x245e0000, 0x28cc0000)
  eden space 11264K,  11% used [0x23820000, 0x23963ee8, 0x24320000)
  from space 1408K, 100% used [0x24480000, 0x245e0000, 0x245e0000)
  to   space 1408K,   0% used [0x24320000, 0x24320000, 0x24480000)
 tenured generation   total 27960K, used 18115K [0x28cc0000, 0x2a80e000, 0x33620000)
   the space 27960K,  64% used [0x28cc0000, 0x29e70fe8, 0x29e71000, 0x2a80e000)
 compacting perm gen  total 12288K, used 8502K [0x33620000, 0x34220000, 0x37620000)
   the space 12288K,  69% used [0x33620000, 0x33e6dbd8, 0x33e6dc00, 0x34220000)
    ro space 10240K,  45% used [0x37620000, 0x37aa73d8, 0x37aa7400, 0x38020000)
    rw space 12288K,  54% used [0x38020000, 0x386aacc8, 0x386aae00, 0x38c20000)
GC Heap History (10 events):
Event: 14.839 GC heap before
{Heap before GC invocations=8 (full 0):
 def new generation   total 4864K, used 4864K [0x23820000, 0x23d60000, 0x28cc0000)
  eden space 4352K, 100% used [0x23820000, 0x23c60000, 0x23c60000)
  from space 512K, 100% used [0x23c60000, 0x23ce0000, 0x23ce0000)
  to   space 512K,   0% used [0x23ce0000, 0x23ce0000, 0x23d60000)
 tenured generation   total 10880K, used 6777K [0x28cc0000, 0x29760000, 0x33620000)
   the space 10880K,  62% used [0x28cc0000, 0x2935e788, 0x2935e800, 0x29760000)
 compacting perm gen  total 12288K, used 6477K [0x33620000, 0x34220000, 0x37620000)
   the space 12288K,  52% used [0x33620000, 0x33c737e0, 0x33c73800, 0x34220000)
    ro space 10240K,  45% used [0x37620000, 0x37aa73d8, 0x37aa7400, 0x38020000)
    rw space 12288K,  54% used [0x38020000, 0x386aacc8, 0x386aae00, 0x38c20000)
Event: 14.874 GC heap after
Heap after GC invocations=9 (full 0):
 def new generation   total 4864K, used 512K [0x23820000, 0x23d60000, 0x28cc0000)
  eden space 4352K,   0% used [0x23820000, 0x23820000, 0x23c60000)
  from space 512K, 100% used [0x23ce0000, 0x23d60000, 0x23d60000)
  to   space 512K,   0% used [0x23c60000, 0x23c60000, 0x23ce0000)
 tenured generation   total 10880K, used 7802K [0x28cc0000, 0x29760000, 0x33620000)
   the space 10880K,  71% used [0x28cc0000, 0x2945ea30, 0x2945ec00, 0x29760000)
 compacting perm gen  total 12288K, used 6477K [0x33620000, 0x34220000, 0x37620000)
   the space 12288K,  52% used [0x33620000, 0x33c737e0, 0x33c73800, 0x34220000)
    ro space 10240K,  45% used [0x37620000, 0x37aa73d8, 0x37aa7400, 0x38020000)
    rw space 12288K,  54% used [0x38020000, 0x386aacc8, 0x386aae00, 0x38c20000)
}
Event: 15.090 GC heap before
{Heap before GC invocations=9 (full 0):
 def new generation   total 4864K, used 4864K [0x23820000, 0x23d60000, 0x28cc0000)
  eden space 4352K, 100% used [0x23820000, 0x23c60000, 0x23c60000)
  from space 512K, 100% used [0x23ce0000, 0x23d60000, 0x23d60000)
  to   space 512K,   0% used [0x23c60000, 0x23c60000, 0x23ce0000)
 tenured generation   total 10880K, used 7802K [0x28cc0000, 0x29760000, 0x33620000)
   the space 10880K,  71% used [0x28cc0000, 0x2945ea30, 0x2945ec00, 0x29760000)
 compacting perm gen  total 12288K, used 6713K [0x33620000, 0x34220000, 0x37620000)
   the space 12288K,  54% used [0x33620000, 0x33cae4c8, 0x33cae600, 0x34220000)
    ro space 10240K,  45% used [0x37620000, 0x37aa73d8, 0x37aa7400, 0x38020000)
    rw space 12288K,  54% used [0x38020000, 0x386aacc8, 0x386aae00, 0x38c20000)
Event: 15.328 GC heap after
Heap after GC invocations=10 (full 1):
 def new generation   total 6720K, used 0K [0x23820000, 0x23f60000, 0x28cc0000)
  eden space 6016K,   0% used [0x23820000, 0x23820000, 0x23e00000)
  from space 704K,   0% used [0x23e00000, 0x23e00000, 0x23eb0000)
  to   space 704K,   0% used [0x23eb0000, 0x23eb0000, 0x23f60000)
 tenured generation   total 14628K, used 8776K [0x28cc0000, 0x29b09000, 0x33620000)
   the space 14628K,  59% used [0x28cc0000, 0x29552108, 0x29552200, 0x29b09000)
 compacting perm gen  total 12288K, used 6713K [0x33620000, 0x34220000, 0x37620000)
   the space 12288K,  54% used [0x33620000, 0x33cae4c8, 0x33cae600, 0x34220000)
    ro space 10240K,  45% used [0x37620000, 0x37aa73d8, 0x37aa7400, 0x38020000)
    rw space 12288K,  54% used [0x38020000, 0x386aacc8, 0x386aae00, 0x38c20000)
}
Event: 15.402 GC heap before
{Heap before GC invocations=10 (full 1):
 def new generation   total 6720K, used 5492K [0x23820000, 0x23f60000, 0x28cc0000)
  eden space 6016K,  91% used [0x23820000, 0x23d7d0a0, 0x23e00000)
  from space 704K,   0% used [0x23e00000, 0x23e00000, 0x23eb0000)
  to   space 704K,   0% used [0x23eb0000, 0x23eb0000, 0x23f60000)
 tenured generation   total 14628K, used 8776K [0x28cc0000, 0x29b09000, 0x33620000)
   the space 14628K,  59% used [0x28cc0000, 0x29552108, 0x29552200, 0x29b09000)
 compacting perm gen  total 12288K, used 6837K [0x33620000, 0x34220000, 0x37620000)
   the space 12288K,  55% used [0x33620000, 0x33ccd5f0, 0x33ccd600, 0x34220000)
    ro space 10240K,  45% used [0x37620000, 0x37aa73d8, 0x37aa7400, 0x38020000)
    rw space 12288K,  54% used [0x38020000, 0x386aacc8, 0x386aae00, 0x38c20000)
Event: 15.415 GC heap after
Heap after GC invocations=11 (full 1):
 def new generation   total 6720K, used 172K [0x23820000, 0x23f60000, 0x28cc0000)
  eden space 6016K,   0% used [0x23820000, 0x23820000, 0x23e00000)
  from space 704K,  24% used [0x23eb0000, 0x23edb0b0, 0x23f60000)
  to   space 704K,   0% used [0x23e00000, 0x23e00000, 0x23eb0000)
 tenured generation   total 14628K, used 13576K [0x28cc0000, 0x29b09000, 0x33620000)
   the space 14628K,  92% used [0x28cc0000, 0x29a02158, 0x29a02200, 0x29b09000)
 compacting perm gen  total 12288K, used 6837K [0x33620000, 0x34220000, 0x37620000)
   the space 12288K,  55% used [0x33620000, 0x33ccd5f0, 0x33ccd600, 0x34220000)
    ro space 10240K,  45% used [0x37620000, 0x37aa73d8, 0x37aa7400, 0x38020000)
    rw space 12288K,  54% used [0x38020000, 0x386aacc8, 0x386aae00, 0x38c20000)
}
Event: 15.815 GC heap before
{Heap before GC invocations=11 (full 1):
 def new generation   total 6720K, used 6188K [0x23820000, 0x23f60000, 0x28cc0000)
  eden space 6016K, 100% used [0x23820000, 0x23e00000, 0x23e00000)
  from space 704K,  24% used [0x23eb0000, 0x23edb0b0, 0x23f60000)
  to   space 704K,   0% used [0x23e00000, 0x23e00000, 0x23eb0000)
 tenured generation   total 14628K, used 13576K [0x28cc0000, 0x29b09000, 0x33620000)
   the space 14628K,  92% used [0x28cc0000, 0x29a02158, 0x29a02200, 0x29b09000)
 compacting perm gen  total 12288K, used 7221K [0x33620000, 0x34220000, 0x37620000)
   the space 12288K,  58% used [0x33620000, 0x33d2d5f8, 0x33d2d600, 0x34220000)
    ro space 10240K,  45% used [0x37620000, 0x37aa73d8, 0x37aa7400, 0x38020000)
    rw space 12288K,  54% used [0x38020000, 0x386aacc8, 0x386aae00, 0x38c20000)
Event: 15.975 GC heap after
Heap after GC invocations=12 (full 2):
 def new generation   total 12672K, used 675K [0x23820000, 0x245e0000, 0x28cc0000)
  eden space 11264K,   6% used [0x23820000, 0x238c8ff0, 0x24320000)
  from space 1408K,   0% used [0x24320000, 0x24320000, 0x24480000)
  to   space 1408K,   0% used [0x24480000, 0x24480000, 0x245e0000)
 tenured generation   total 27960K, used 16775K [0x28cc0000, 0x2a80e000, 0x33620000)
   the space 27960K,  59% used [0x28cc0000, 0x29d21da0, 0x29d21e00, 0x2a80e000)
 compacting perm gen  total 12288K, used 7221K [0x33620000, 0x34220000, 0x37620000)
   the space 12288K,  58% used [0x33620000, 0x33d2d5f8, 0x33d2d600, 0x34220000)
    ro space 10240K,  45% used [0x37620000, 0x37aa73d8, 0x37aa7400, 0x38020000)
    rw space 12288K,  54% used [0x38020000, 0x386aacc8, 0x386aae00, 0x38c20000)
}
Event: 51.051 GC heap before
{Heap before GC invocations=12 (full 2):
 def new generation   total 12672K, used 11238K [0x23820000, 0x245e0000, 0x28cc0000)
  eden space 11264K,  99% used [0x23820000, 0x243199a0, 0x24320000)
  from space 1408K,   0% used [0x24320000, 0x24320000, 0x24480000)
  to   space 1408K,   0% used [0x24480000, 0x24480000, 0x245e0000)
 tenured generation   total 27960K, used 16775K [0x28cc0000, 0x2a80e000, 0x33620000)
   the space 27960K,  59% used [0x28cc0000, 0x29d21da0, 0x29d21e00, 0x2a80e000)
 compacting perm gen  total 12288K, used 8494K [0x33620000, 0x34220000, 0x37620000)
   the space 12288K,  69% used [0x33620000, 0x33e6bb88, 0x33e6bc00, 0x34220000)
    ro space 10240K,  45% used [0x37620000, 0x37aa73d8, 0x37aa7400, 0x38020000)
    rw space 12288K,  54% used [0x38020000, 0x386aacc8, 0x386aae00, 0x38c20000)
Event: 51.101 GC heap after
Heap after GC invocations=13 (full 2):
 def new generation   total 12672K, used 1408K [0x23820000, 0x245e0000, 0x28cc0000)
  eden space 11264K,   0% used [0x23820000, 0x23820000, 0x24320000)
  from space 1408K, 100% used [0x24480000, 0x245e0000, 0x245e0000)
  to   space 1408K,   0% used [0x24320000, 0x24320000, 0x24480000)
 tenured generation   total 27960K, used 18115K [0x28cc0000, 0x2a80e000, 0x33620000)
   the space 27960K,  64% used [0x28cc0000, 0x29e70fe8, 0x29e71000, 0x2a80e000)
 compacting perm gen  total 12288K, used 8494K [0x33620000, 0x34220000, 0x37620000)
   the space 12288K,  69% used [0x33620000, 0x33e6bb88, 0x33e6bc00, 0x34220000)
    ro space 10240K,  45% used [0x37620000, 0x37aa73d8, 0x37aa7400, 0x38020000)
    rw space 12288K,  54% used [0x38020000, 0x386aacc8, 0x386aae00, 0x38c20000)
}

