# JRE version: 7.0_17-b02
# Java VM: Java HotSpot(TM) Client VM (23.7-b01 mixed mode, sharing windows-x86 )
Heap
 def new generation   total 14784K, used 6272K [0x23ff0000, 0x24ff0000, 0x29540000)
  eden space 13184K,  47% used [0x23ff0000, 0x246103d0, 0x24cd0000)
  from space 1600K,   0% used [0x24cd0000, 0x24cd0000, 0x24e60000)
  to   space 1600K,   0% used [0x24e60000, 0x24e60000, 0x24ff0000)
 tenured generation   total 32648K, used 19588K [0x29540000, 0x2b522000, 0x33ff0000)
   the space 32648K,  59% used [0x29540000, 0x2a8612b8, 0x2a861400, 0x2b522000)
 compacting perm gen  total 12288K, used 9725K [0x33ff0000, 0x34bf0000, 0x37ff0000)
   the space 12288K,  79% used [0x33ff0000, 0x3496f750, 0x3496f800, 0x34bf0000)
    ro space 10240K,  45% used [0x37ff0000, 0x384773d8, 0x38477400, 0x389f0000)
    rw space 12288K,  54% used [0x389f0000, 0x3907acc8, 0x3907ae00, 0x395f0000)
GC Heap History (10 events):
Event: 13.134 GC heap before
{Heap before GC invocations=10 (full 0):
 def new generation   total 4928K, used 4928K [0x23ff0000, 0x24540000, 0x29540000)
  eden space 4416K, 100% used [0x23ff0000, 0x24440000, 0x24440000)
  from space 512K, 100% used [0x24440000, 0x244c0000, 0x244c0000)
  to   space 512K,   0% used [0x244c0000, 0x244c0000, 0x24540000)
 tenured generation   total 10944K, used 8933K [0x29540000, 0x29ff0000, 0x33ff0000)
   the space 10944K,  81% used [0x29540000, 0x29df9638, 0x29df9800, 0x29ff0000)
 compacting perm gen  total 12288K, used 8507K [0x33ff0000, 0x34bf0000, 0x37ff0000)
   the space 12288K,  69% used [0x33ff0000, 0x3483ed00, 0x3483ee00, 0x34bf0000)
    ro space 10240K,  45% used [0x37ff0000, 0x384773d8, 0x38477400, 0x389f0000)
    rw space 12288K,  54% used [0x389f0000, 0x3907acc8, 0x3907ae00, 0x395f0000)
Event: 13.138 GC heap after
Heap after GC invocations=11 (full 0):
 def new generation   total 4928K, used 512K [0x23ff0000, 0x24540000, 0x29540000)
  eden space 4416K,   0% used [0x23ff0000, 0x23ff0000, 0x24440000)
  from space 512K, 100% used [0x244c0000, 0x24540000, 0x24540000)
  to   space 512K,   0% used [0x24440000, 0x24440000, 0x244c0000)
 tenured generation   total 10944K, used 9746K [0x29540000, 0x29ff0000, 0x33ff0000)
   the space 10944K,  89% used [0x29540000, 0x29ec4818, 0x29ec4a00, 0x29ff0000)
 compacting perm gen  total 12288K, used 8507K [0x33ff0000, 0x34bf0000, 0x37ff0000)
   the space 12288K,  69% used [0x33ff0000, 0x3483ed00, 0x3483ee00, 0x34bf0000)
    ro space 10240K,  45% used [0x37ff0000, 0x384773d8, 0x38477400, 0x389f0000)
    rw space 12288K,  54% used [0x389f0000, 0x3907acc8, 0x3907ae00, 0x395f0000)
}
Event: 13.306 GC heap before
{Heap before GC invocations=11 (full 0):
 def new generation   total 4928K, used 4694K [0x23ff0000, 0x24540000, 0x29540000)
  eden space 4416K,  94% used [0x23ff0000, 0x24405a60, 0x24440000)
  from space 512K, 100% used [0x244c0000, 0x24540000, 0x24540000)
  to   space 512K,   0% used [0x24440000, 0x24440000, 0x244c0000)
 tenured generation   total 10944K, used 9746K [0x29540000, 0x29ff0000, 0x33ff0000)
   the space 10944K,  89% used [0x29540000, 0x29ec4818, 0x29ec4a00, 0x29ff0000)
 compacting perm gen  total 12288K, used 9255K [0x33ff0000, 0x34bf0000, 0x37ff0000)
   the space 12288K,  75% used [0x33ff0000, 0x348f9c40, 0x348f9e00, 0x34bf0000)
    ro space 10240K,  45% used [0x37ff0000, 0x384773d8, 0x38477400, 0x389f0000)
    rw space 12288K,  54% used [0x389f0000, 0x3907acc8, 0x3907ae00, 0x395f0000)
Event: 13.310 GC heap after
Heap after GC invocations=12 (full 0):
 def new generation   total 4928K, used 512K [0x23ff0000, 0x24540000, 0x29540000)
  eden space 4416K,   0% used [0x23ff0000, 0x23ff0000, 0x24440000)
  from space 512K, 100% used [0x24440000, 0x244c0000, 0x244c0000)
  to   space 512K,   0% used [0x244c0000, 0x244c0000, 0x24540000)
 tenured generation   total 10944K, used 10233K [0x29540000, 0x29ff0000, 0x33ff0000)
   the space 10944K,  93% used [0x29540000, 0x29f3e7f0, 0x29f3e800, 0x29ff0000)
 compacting perm gen  total 12288K, used 9255K [0x33ff0000, 0x34bf0000, 0x37ff0000)
   the space 12288K,  75% used [0x33ff0000, 0x348f9c40, 0x348f9e00, 0x34bf0000)
    ro space 10240K,  45% used [0x37ff0000, 0x384773d8, 0x38477400, 0x389f0000)
    rw space 12288K,  54% used [0x389f0000, 0x3907acc8, 0x3907ae00, 0x395f0000)
}
Event: 13.886 GC heap before
{Heap before GC invocations=12 (full 0):
 def new generation   total 4928K, used 4757K [0x23ff0000, 0x24540000, 0x29540000)
  eden space 4416K,  96% used [0x23ff0000, 0x24415408, 0x24440000)
  from space 512K, 100% used [0x24440000, 0x244c0000, 0x244c0000)
  to   space 512K,   0% used [0x244c0000, 0x244c0000, 0x24540000)
 tenured generation   total 10944K, used 10233K [0x29540000, 0x29ff0000, 0x33ff0000)
   the space 10944K,  93% used [0x29540000, 0x29f3e7f0, 0x29f3e800, 0x29ff0000)
 compacting perm gen  total 12288K, used 9679K [0x33ff0000, 0x34bf0000, 0x37ff0000)
   the space 12288K,  78% used [0x33ff0000, 0x34963dc0, 0x34963e00, 0x34bf0000)
    ro space 10240K,  45% used [0x37ff0000, 0x384773d8, 0x38477400, 0x389f0000)
    rw space 12288K,  54% used [0x389f0000, 0x3907acc8, 0x3907ae00, 0x395f0000)
Event: 13.941 GC heap after
Heap after GC invocations=13 (full 1):
 def new generation   total 7872K, used 0K [0x23ff0000, 0x24870000, 0x29540000)
  eden space 7040K,   0% used [0x23ff0000, 0x23ff0000, 0x246d0000)
  from space 832K,   0% used [0x246d0000, 0x246d0000, 0x247a0000)
  to   space 832K,   0% used [0x247a0000, 0x247a0000, 0x24870000)
 tenured generation   total 17228K, used 10335K [0x29540000, 0x2a613000, 0x33ff0000)
   the space 17228K,  59% used [0x29540000, 0x29f57f08, 0x29f58000, 0x2a613000)
 compacting perm gen  total 12288K, used 9679K [0x33ff0000, 0x34bf0000, 0x37ff0000)
   the space 12288K,  78% used [0x33ff0000, 0x34963dc0, 0x34963e00, 0x34bf0000)
    ro space 10240K,  45% used [0x37ff0000, 0x384773d8, 0x38477400, 0x389f0000)
    rw space 12288K,  54% used [0x389f0000, 0x3907acc8, 0x3907ae00, 0x395f0000)
}
Event: 14.084 GC heap before
{Heap before GC invocations=13 (full 1):
 def new generation   total 7872K, used 6623K [0x23ff0000, 0x24870000, 0x29540000)
  eden space 7040K,  94% used [0x23ff0000, 0x24667fb0, 0x246d0000)
  from space 832K,   0% used [0x246d0000, 0x246d0000, 0x247a0000)
  to   space 832K,   0% used [0x247a0000, 0x247a0000, 0x24870000)
 tenured generation   total 17228K, used 10335K [0x29540000, 0x2a613000, 0x33ff0000)
   the space 17228K,  59% used [0x29540000, 0x29f57f08, 0x29f58000, 0x2a613000)
 compacting perm gen  total 12288K, used 9679K [0x33ff0000, 0x34bf0000, 0x37ff0000)
   the space 12288K,  78% used [0x33ff0000, 0x34963dc0, 0x34963e00, 0x34bf0000)
    ro space 10240K,  45% used [0x37ff0000, 0x384773d8, 0x38477400, 0x389f0000)
    rw space 12288K,  54% used [0x389f0000, 0x3907acc8, 0x3907ae00, 0x395f0000)
Event: 14.089 GC heap after
Heap after GC invocations=14 (full 1):
 def new generation   total 7872K, used 600K [0x23ff0000, 0x24870000, 0x29540000)
  eden space 7040K,   0% used [0x23ff0000, 0x23ff0000, 0x246d0000)
  from space 832K,  72% used [0x247a0000, 0x24836010, 0x24870000)
  to   space 832K,   0% used [0x246d0000, 0x246d0000, 0x247a0000)
 tenured generation   total 17228K, used 16335K [0x29540000, 0x2a613000, 0x33ff0000)
   the space 17228K,  94% used [0x29540000, 0x2a533f68, 0x2a534000, 0x2a613000)
 compacting perm gen  total 12288K, used 9679K [0x33ff0000, 0x34bf0000, 0x37ff0000)
   the space 12288K,  78% used [0x33ff0000, 0x34963dc0, 0x34963e00, 0x34bf0000)
    ro space 10240K,  45% used [0x37ff0000, 0x384773d8, 0x38477400, 0x389f0000)
    rw space 12288K,  54% used [0x389f0000, 0x3907acc8, 0x3907ae00, 0x395f0000)
}
Event: 22.408 GC heap before
{Heap before GC invocations=14 (full 1):
 def new generation   total 7872K, used 7640K [0x23ff0000, 0x24870000, 0x29540000)
  eden space 7040K, 100% used [0x23ff0000, 0x246d0000, 0x246d0000)
  from space 832K,  72% used [0x247a0000, 0x24836010, 0x24870000)
  to   space 832K,   0% used [0x246d0000, 0x246d0000, 0x247a0000)
 tenured generation   total 17228K, used 16335K [0x29540000, 0x2a613000, 0x33ff0000)
   the space 17228K,  94% used [0x29540000, 0x2a533f68, 0x2a534000, 0x2a613000)
 compacting perm gen  total 12288K, used 9689K [0x33ff0000, 0x34bf0000, 0x37ff0000)
   the space 12288K,  78% used [0x33ff0000, 0x34966528, 0x34966600, 0x34bf0000)
    ro space 10240K,  45% used [0x37ff0000, 0x384773d8, 0x38477400, 0x389f0000)
    rw space 12288K,  54% used [0x389f0000, 0x3907acc8, 0x3907ae00, 0x395f0000)
Event: 22.446 GC heap after
Heap after GC invocations=15 (full 2):
 def new generation   total 14784K, used 0K [0x23ff0000, 0x24ff0000, 0x29540000)
  eden space 13184K,   0% used [0x23ff0000, 0x23ff0000, 0x24cd0000)
  from space 1600K,   0% used [0x24cd0000, 0x24cd0000, 0x24e60000)
  to   space 1600K,   0% used [0x24e60000, 0x24e60000, 0x24ff0000)
 tenured generation   total 32648K, used 19588K [0x29540000, 0x2b522000, 0x33ff0000)
   the space 32648K,  59% used [0x29540000, 0x2a8612b8, 0x2a861400, 0x2b522000)
 compacting perm gen  total 12288K, used 9689K [0x33ff0000, 0x34bf0000, 0x37ff0000)
   the space 12288K,  78% used [0x33ff0000, 0x34966528, 0x34966600, 0x34bf0000)
    ro space 10240K,  45% used [0x37ff0000, 0x384773d8, 0x38477400, 0x389f0000)
    rw space 12288K,  54% used [0x389f0000, 0x3907acc8, 0x3907ae00, 0x395f0000)
}

