# JRE version: 7.0_17-b02
# Java VM: Java HotSpot(TM) Client VM (23.7-b01 mixed mode, sharing windows-x86 )
Heap
 def new generation   total 13952K, used 5452K [0x23820000, 0x24740000, 0x28cc0000)
  eden space 12416K,  42% used [0x23820000, 0x23d38db0, 0x24440000)
  from space 1536K,  15% used [0x24440000, 0x2447a548, 0x245c0000)
  to   space 1536K,   0% used [0x245c0000, 0x245c0000, 0x24740000)
 tenured generation   total 30800K, used 23085K [0x28cc0000, 0x2aad4000, 0x33620000)
   the space 30800K,  74% used [0x28cc0000, 0x2a34b6e8, 0x2a34b800, 0x2aad4000)
 compacting perm gen  total 12288K, used 10301K [0x33620000, 0x34220000, 0x37620000)
   the space 12288K,  83% used [0x33620000, 0x3402f730, 0x3402f800, 0x34220000)
    ro space 10240K,  45% used [0x37620000, 0x37aa73d8, 0x37aa7400, 0x38020000)
    rw space 12288K,  54% used [0x38020000, 0x386aacc8, 0x386aae00, 0x38c20000)
GC Heap History (10 events):
Event: 28.317 GC heap before
{Heap before GC invocations=11 (full 1):
 def new generation   total 8192K, used 8192K [0x23820000, 0x24100000, 0x28cc0000)
  eden space 7296K, 100% used [0x23820000, 0x23f40000, 0x23f40000)
  from space 896K, 100% used [0x23f40000, 0x24020000, 0x24020000)
  to   space 896K,   0% used [0x24020000, 0x24020000, 0x24100000)
 tenured generation   total 17972K, used 17044K [0x28cc0000, 0x29e4d000, 0x33620000)
   the space 17972K,  94% used [0x28cc0000, 0x29d65250, 0x29d65400, 0x29e4d000)
 compacting perm gen  total 12288K, used 8314K [0x33620000, 0x34220000, 0x37620000)
   the space 12288K,  67% used [0x33620000, 0x33e3eb68, 0x33e3ec00, 0x34220000)
    ro space 10240K,  45% used [0x37620000, 0x37aa73d8, 0x37aa7400, 0x38020000)
    rw space 12288K,  54% used [0x38020000, 0x386aacc8, 0x386aae00, 0x38c20000)
Event: 28.515 GC heap after
Heap after GC invocations=12 (full 2):
 def new generation   total 13952K, used 0K [0x23820000, 0x24740000, 0x28cc0000)
  eden space 12416K,   0% used [0x23820000, 0x23820000, 0x24440000)
  from space 1536K,   0% used [0x24440000, 0x24440000, 0x245c0000)
  to   space 1536K,   0% used [0x245c0000, 0x245c0000, 0x24740000)
 tenured generation   total 30800K, used 18479K [0x28cc0000, 0x2aad4000, 0x33620000)
   the space 30800K,  59% used [0x28cc0000, 0x29ecbf50, 0x29ecc000, 0x2aad4000)
 compacting perm gen  total 12288K, used 8314K [0x33620000, 0x34220000, 0x37620000)
   the space 12288K,  67% used [0x33620000, 0x33e3eb68, 0x33e3ec00, 0x34220000)
    ro space 10240K,  45% used [0x37620000, 0x37aa73d8, 0x37aa7400, 0x38020000)
    rw space 12288K,  54% used [0x38020000, 0x386aacc8, 0x386aae00, 0x38c20000)
}
Event: 51.963 GC heap before
{Heap before GC invocations=12 (full 2):
 def new generation   total 13952K, used 12416K [0x23820000, 0x24740000, 0x28cc0000)
  eden space 12416K, 100% used [0x23820000, 0x24440000, 0x24440000)
  from space 1536K,   0% used [0x24440000, 0x24440000, 0x245c0000)
  to   space 1536K,   0% used [0x245c0000, 0x245c0000, 0x24740000)
 tenured generation   total 30800K, used 18479K [0x28cc0000, 0x2aad4000, 0x33620000)
   the space 30800K,  59% used [0x28cc0000, 0x29ecbf50, 0x29ecc000, 0x2aad4000)
 compacting perm gen  total 12288K, used 10173K [0x33620000, 0x34220000, 0x37620000)
   the space 12288K,  82% used [0x33620000, 0x3400f6f8, 0x3400f800, 0x34220000)
    ro space 10240K,  45% used [0x37620000, 0x37aa73d8, 0x37aa7400, 0x38020000)
    rw space 12288K,  54% used [0x38020000, 0x386aacc8, 0x386aae00, 0x38c20000)
Event: 52.015 GC heap after
Heap after GC invocations=13 (full 2):
 def new generation   total 13952K, used 1536K [0x23820000, 0x24740000, 0x28cc0000)
  eden space 12416K,   0% used [0x23820000, 0x23820000, 0x24440000)
  from space 1536K, 100% used [0x245c0000, 0x24740000, 0x24740000)
  to   space 1536K,   0% used [0x24440000, 0x24440000, 0x245c0000)
 tenured generation   total 30800K, used 19553K [0x28cc0000, 0x2aad4000, 0x33620000)
   the space 30800K,  63% used [0x28cc0000, 0x29fd86f0, 0x29fd8800, 0x2aad4000)
 compacting perm gen  total 12288K, used 10173K [0x33620000, 0x34220000, 0x37620000)
   the space 12288K,  82% used [0x33620000, 0x3400f6f8, 0x3400f800, 0x34220000)
    ro space 10240K,  45% used [0x37620000, 0x37aa73d8, 0x37aa7400, 0x38020000)
    rw space 12288K,  54% used [0x38020000, 0x386aacc8, 0x386aae00, 0x38c20000)
}
Event: 57.982 GC heap before
{Heap before GC invocations=13 (full 2):
 def new generation   total 13952K, used 13710K [0x23820000, 0x24740000, 0x28cc0000)
  eden space 12416K,  98% used [0x23820000, 0x24403ab0, 0x24440000)
  from space 1536K, 100% used [0x245c0000, 0x24740000, 0x24740000)
  to   space 1536K,   0% used [0x24440000, 0x24440000, 0x245c0000)
 tenured generation   total 30800K, used 19553K [0x28cc0000, 0x2aad4000, 0x33620000)
   the space 30800K,  63% used [0x28cc0000, 0x29fd86f0, 0x29fd8800, 0x2aad4000)
 compacting perm gen  total 12288K, used 10223K [0x33620000, 0x34220000, 0x37620000)
   the space 12288K,  83% used [0x33620000, 0x3401bf90, 0x3401c000, 0x34220000)
    ro space 10240K,  45% used [0x37620000, 0x37aa73d8, 0x37aa7400, 0x38020000)
    rw space 12288K,  54% used [0x38020000, 0x386aacc8, 0x386aae00, 0x38c20000)
Event: 58.033 GC heap after
Heap after GC invocations=14 (full 2):
 def new generation   total 13952K, used 1182K [0x23820000, 0x24740000, 0x28cc0000)
  eden space 12416K,   0% used [0x23820000, 0x23820000, 0x24440000)
  from space 1536K,  77% used [0x24440000, 0x24567b78, 0x245c0000)
  to   space 1536K,   0% used [0x245c0000, 0x245c0000, 0x24740000)
 tenured generation   total 30800K, used 21945K [0x28cc0000, 0x2aad4000, 0x33620000)
   the space 30800K,  71% used [0x28cc0000, 0x2a22e4d8, 0x2a22e600, 0x2aad4000)
 compacting perm gen  total 12288K, used 10223K [0x33620000, 0x34220000, 0x37620000)
   the space 12288K,  83% used [0x33620000, 0x3401bf90, 0x3401c000, 0x34220000)
    ro space 10240K,  45% used [0x37620000, 0x37aa73d8, 0x37aa7400, 0x38020000)
    rw space 12288K,  54% used [0x38020000, 0x386aacc8, 0x386aae00, 0x38c20000)
}
Event: 58.647 GC heap before
{Heap before GC invocations=14 (full 2):
 def new generation   total 13952K, used 13598K [0x23820000, 0x24740000, 0x28cc0000)
  eden space 12416K, 100% used [0x23820000, 0x24440000, 0x24440000)
  from space 1536K,  77% used [0x24440000, 0x24567b78, 0x245c0000)
  to   space 1536K,   0% used [0x245c0000, 0x245c0000, 0x24740000)
 tenured generation   total 30800K, used 21945K [0x28cc0000, 0x2aad4000, 0x33620000)
   the space 30800K,  71% used [0x28cc0000, 0x2a22e4d8, 0x2a22e600, 0x2aad4000)
 compacting perm gen  total 12288K, used 10285K [0x33620000, 0x34220000, 0x37620000)
   the space 12288K,  83% used [0x33620000, 0x3402b708, 0x3402b800, 0x34220000)
    ro space 10240K,  45% used [0x37620000, 0x37aa73d8, 0x37aa7400, 0x38020000)
    rw space 12288K,  54% used [0x38020000, 0x386aacc8, 0x386aae00, 0x38c20000)
Event: 58.670 GC heap after
Heap after GC invocations=15 (full 2):
 def new generation   total 13952K, used 331K [0x23820000, 0x24740000, 0x28cc0000)
  eden space 12416K,   0% used [0x23820000, 0x23820000, 0x24440000)
  from space 1536K,  21% used [0x245c0000, 0x24612d98, 0x24740000)
  to   space 1536K,   0% used [0x24440000, 0x24440000, 0x245c0000)
 tenured generation   total 30800K, used 23085K [0x28cc0000, 0x2aad4000, 0x33620000)
   the space 30800K,  74% used [0x28cc0000, 0x2a34b6e8, 0x2a34b800, 0x2aad4000)
 compacting perm gen  total 12288K, used 10285K [0x33620000, 0x34220000, 0x37620000)
   the space 12288K,  83% used [0x33620000, 0x3402b708, 0x3402b800, 0x34220000)
    ro space 10240K,  45% used [0x37620000, 0x37aa73d8, 0x37aa7400, 0x38020000)
    rw space 12288K,  54% used [0x38020000, 0x386aacc8, 0x386aae00, 0x38c20000)
}
Event: 59.135 GC heap before
{Heap before GC invocations=15 (full 2):
 def new generation   total 13952K, used 12568K [0x23820000, 0x24740000, 0x28cc0000)
  eden space 12416K,  98% used [0x23820000, 0x244134b0, 0x24440000)
  from space 1536K,  21% used [0x245c0000, 0x24612d98, 0x24740000)
  to   space 1536K,   0% used [0x24440000, 0x24440000, 0x245c0000)
 tenured generation   total 30800K, used 23085K [0x28cc0000, 0x2aad4000, 0x33620000)
   the space 30800K,  74% used [0x28cc0000, 0x2a34b6e8, 0x2a34b800, 0x2aad4000)
 compacting perm gen  total 12288K, used 10293K [0x33620000, 0x34220000, 0x37620000)
   the space 12288K,  83% used [0x33620000, 0x3402d6f8, 0x3402d800, 0x34220000)
    ro space 10240K,  45% used [0x37620000, 0x37aa73d8, 0x37aa7400, 0x38020000)
    rw space 12288K,  54% used [0x38020000, 0x386aacc8, 0x386aae00, 0x38c20000)
Event: 59.145 GC heap after
Heap after GC invocations=16 (full 2):
 def new generation   total 13952K, used 233K [0x23820000, 0x24740000, 0x28cc0000)
  eden space 12416K,   0% used [0x23820000, 0x23820000, 0x24440000)
  from space 1536K,  15% used [0x24440000, 0x2447a548, 0x245c0000)
  to   space 1536K,   0% used [0x245c0000, 0x245c0000, 0x24740000)
 tenured generation   total 30800K, used 23085K [0x28cc0000, 0x2aad4000, 0x33620000)
   the space 30800K,  74% used [0x28cc0000, 0x2a34b6e8, 0x2a34b800, 0x2aad4000)
 compacting perm gen  total 12288K, used 10293K [0x33620000, 0x34220000, 0x37620000)
   the space 12288K,  83% used [0x33620000, 0x3402d6f8, 0x3402d800, 0x34220000)
    ro space 10240K,  45% used [0x37620000, 0x37aa73d8, 0x37aa7400, 0x38020000)
    rw space 12288K,  54% used [0x38020000, 0x386aacc8, 0x386aae00, 0x38c20000)
}

