# JRE version: 7.0_17-b02
# Java VM: Java HotSpot(TM) Client VM (23.7-b01 mixed mode, sharing windows-x86 )
Heap
 def new generation   total 7936K, used 3036K [0x23820000, 0x240b0000, 0x28cc0000)
  eden space 7104K,  34% used [0x23820000, 0x23a80f80, 0x23f10000)
  from space 832K,  72% used [0x23fe0000, 0x240760d0, 0x240b0000)
  to   space 832K,   0% used [0x23f10000, 0x23f10000, 0x23fe0000)
 tenured generation   total 17420K, used 16450K [0x28cc0000, 0x29dc3000, 0x33620000)
   the space 17420K,  94% used [0x28cc0000, 0x29cd0b58, 0x29cd0c00, 0x29dc3000)
 compacting perm gen  total 12288K, used 8400K [0x33620000, 0x34220000, 0x37620000)
   the space 12288K,  68% used [0x33620000, 0x33e54108, 0x33e54200, 0x34220000)
    ro space 10240K,  45% used [0x37620000, 0x37aa73d8, 0x37aa7400, 0x38020000)
    rw space 12288K,  54% used [0x38020000, 0x386aacc8, 0x386aae00, 0x38c20000)
GC Heap History (10 events):
Event: 15.527 GC heap before
{Heap before GC invocations=8 (full 0):
 def new generation   total 4864K, used 4408K [0x23820000, 0x23d60000, 0x28cc0000)
  eden space 4352K,  89% used [0x23820000, 0x23bee290, 0x23c60000)
  from space 512K, 100% used [0x23c60000, 0x23ce0000, 0x23ce0000)
  to   space 512K,   0% used [0x23ce0000, 0x23ce0000, 0x23d60000)
 tenured generation   total 10880K, used 5780K [0x28cc0000, 0x29760000, 0x33620000)
   the space 10880K,  53% used [0x28cc0000, 0x292652c0, 0x29265400, 0x29760000)
 compacting perm gen  total 12288K, used 7344K [0x33620000, 0x34220000, 0x37620000)
   the space 12288K,  59% used [0x33620000, 0x33d4c298, 0x33d4c400, 0x34220000)
    ro space 10240K,  45% used [0x37620000, 0x37aa73d8, 0x37aa7400, 0x38020000)
    rw space 12288K,  54% used [0x38020000, 0x386aacc8, 0x386aae00, 0x38c20000)
Event: 15.549 GC heap after
Heap after GC invocations=9 (full 0):
 def new generation   total 4864K, used 511K [0x23820000, 0x23d60000, 0x28cc0000)
  eden space 4352K,   0% used [0x23820000, 0x23820000, 0x23c60000)
  from space 512K,  99% used [0x23ce0000, 0x23d5fee0, 0x23d60000)
  to   space 512K,   0% used [0x23c60000, 0x23c60000, 0x23ce0000)
 tenured generation   total 10880K, used 6276K [0x28cc0000, 0x29760000, 0x33620000)
   the space 10880K,  57% used [0x28cc0000, 0x292e1390, 0x292e1400, 0x29760000)
 compacting perm gen  total 12288K, used 7344K [0x33620000, 0x34220000, 0x37620000)
   the space 12288K,  59% used [0x33620000, 0x33d4c298, 0x33d4c400, 0x34220000)
    ro space 10240K,  45% used [0x37620000, 0x37aa73d8, 0x37aa7400, 0x38020000)
    rw space 12288K,  54% used [0x38020000, 0x386aacc8, 0x386aae00, 0x38c20000)
}
Event: 16.165 GC heap before
{Heap before GC invocations=9 (full 0):
 def new generation   total 4864K, used 4863K [0x23820000, 0x23d60000, 0x28cc0000)
  eden space 4352K, 100% used [0x23820000, 0x23c60000, 0x23c60000)
  from space 512K,  99% used [0x23ce0000, 0x23d5fee0, 0x23d60000)
  to   space 512K,   0% used [0x23c60000, 0x23c60000, 0x23ce0000)
 tenured generation   total 10880K, used 6276K [0x28cc0000, 0x29760000, 0x33620000)
   the space 10880K,  57% used [0x28cc0000, 0x292e1390, 0x292e1400, 0x29760000)
 compacting perm gen  total 12288K, used 7803K [0x33620000, 0x34220000, 0x37620000)
   the space 12288K,  63% used [0x33620000, 0x33dbed98, 0x33dbee00, 0x34220000)
    ro space 10240K,  45% used [0x37620000, 0x37aa73d8, 0x37aa7400, 0x38020000)
    rw space 12288K,  54% used [0x38020000, 0x386aacc8, 0x386aae00, 0x38c20000)
Event: 16.185 GC heap after
Heap after GC invocations=10 (full 0):
 def new generation   total 4864K, used 512K [0x23820000, 0x23d60000, 0x28cc0000)
  eden space 4352K,   0% used [0x23820000, 0x23820000, 0x23c60000)
  from space 512K, 100% used [0x23c60000, 0x23ce0000, 0x23ce0000)
  to   space 512K,   0% used [0x23ce0000, 0x23ce0000, 0x23d60000)
 tenured generation   total 10880K, used 7280K [0x28cc0000, 0x29760000, 0x33620000)
   the space 10880K,  66% used [0x28cc0000, 0x293dc230, 0x293dc400, 0x29760000)
 compacting perm gen  total 12288K, used 7803K [0x33620000, 0x34220000, 0x37620000)
   the space 12288K,  63% used [0x33620000, 0x33dbed98, 0x33dbee00, 0x34220000)
    ro space 10240K,  45% used [0x37620000, 0x37aa73d8, 0x37aa7400, 0x38020000)
    rw space 12288K,  54% used [0x38020000, 0x386aacc8, 0x386aae00, 0x38c20000)
}
Event: 19.717 GC heap before
{Heap before GC invocations=10 (full 0):
 def new generation   total 4864K, used 4553K [0x23820000, 0x23d60000, 0x28cc0000)
  eden space 4352K,  92% used [0x23820000, 0x23c124d8, 0x23c60000)
  from space 512K, 100% used [0x23c60000, 0x23ce0000, 0x23ce0000)
  to   space 512K,   0% used [0x23ce0000, 0x23ce0000, 0x23d60000)
 tenured generation   total 10880K, used 7280K [0x28cc0000, 0x29760000, 0x33620000)
   the space 10880K,  66% used [0x28cc0000, 0x293dc230, 0x293dc400, 0x29760000)
 compacting perm gen  total 12288K, used 8386K [0x33620000, 0x34220000, 0x37620000)
   the space 12288K,  68% used [0x33620000, 0x33e50908, 0x33e50a00, 0x34220000)
    ro space 10240K,  45% used [0x37620000, 0x37aa73d8, 0x37aa7400, 0x38020000)
    rw space 12288K,  54% used [0x38020000, 0x386aacc8, 0x386aae00, 0x38c20000)
Event: 19.742 GC heap after
Heap after GC invocations=11 (full 0):
 def new generation   total 4864K, used 275K [0x23820000, 0x23d60000, 0x28cc0000)
  eden space 4352K,   0% used [0x23820000, 0x23820000, 0x23c60000)
  from space 512K,  53% used [0x23ce0000, 0x23d24c30, 0x23d60000)
  to   space 512K,   0% used [0x23c60000, 0x23c60000, 0x23ce0000)
 tenured generation   total 10880K, used 9604K [0x28cc0000, 0x29760000, 0x33620000)
   the space 10880K,  88% used [0x28cc0000, 0x296211b0, 0x29621200, 0x29760000)
 compacting perm gen  total 12288K, used 8386K [0x33620000, 0x34220000, 0x37620000)
   the space 12288K,  68% used [0x33620000, 0x33e50908, 0x33e50a00, 0x34220000)
    ro space 10240K,  45% used [0x37620000, 0x37aa73d8, 0x37aa7400, 0x38020000)
    rw space 12288K,  54% used [0x38020000, 0x386aacc8, 0x386aae00, 0x38c20000)
}
Event: 19.840 GC heap before
{Heap before GC invocations=11 (full 0):
 def new generation   total 4864K, used 4023K [0x23820000, 0x23d60000, 0x28cc0000)
  eden space 4352K,  86% used [0x23820000, 0x23bc93a8, 0x23c60000)
  from space 512K,  53% used [0x23ce0000, 0x23d24c30, 0x23d60000)
  to   space 512K,   0% used [0x23c60000, 0x23c60000, 0x23ce0000)
 tenured generation   total 10880K, used 9604K [0x28cc0000, 0x29760000, 0x33620000)
   the space 10880K,  88% used [0x28cc0000, 0x296211b0, 0x29621200, 0x29760000)
 compacting perm gen  total 12288K, used 8391K [0x33620000, 0x34220000, 0x37620000)
   the space 12288K,  68% used [0x33620000, 0x33e51ef0, 0x33e52000, 0x34220000)
    ro space 10240K,  45% used [0x37620000, 0x37aa73d8, 0x37aa7400, 0x38020000)
    rw space 12288K,  54% used [0x38020000, 0x386aacc8, 0x386aae00, 0x38c20000)
Event: 20.001 GC heap after
Heap after GC invocations=12 (full 1):
 def new generation   total 7936K, used 0K [0x23820000, 0x240b0000, 0x28cc0000)
  eden space 7104K,   0% used [0x23820000, 0x23820000, 0x23f10000)
  from space 832K,   0% used [0x23f10000, 0x23f10000, 0x23fe0000)
  to   space 832K,   0% used [0x23fe0000, 0x23fe0000, 0x240b0000)
 tenured generation   total 17420K, used 10450K [0x28cc0000, 0x29dc3000, 0x33620000)
   the space 17420K,  59% used [0x28cc0000, 0x296f4ae8, 0x296f4c00, 0x29dc3000)
 compacting perm gen  total 12288K, used 8391K [0x33620000, 0x34220000, 0x37620000)
   the space 12288K,  68% used [0x33620000, 0x33e51ef0, 0x33e52000, 0x34220000)
    ro space 10240K,  45% used [0x37620000, 0x37aa73d8, 0x37aa7400, 0x38020000)
    rw space 12288K,  54% used [0x38020000, 0x386aacc8, 0x386aae00, 0x38c20000)
}
Event: 20.187 GC heap before
{Heap before GC invocations=12 (full 1):
 def new generation   total 7936K, used 6626K [0x23820000, 0x240b0000, 0x28cc0000)
  eden space 7104K,  93% used [0x23820000, 0x23e98a68, 0x23f10000)
  from space 832K,   0% used [0x23f10000, 0x23f10000, 0x23fe0000)
  to   space 832K,   0% used [0x23fe0000, 0x23fe0000, 0x240b0000)
 tenured generation   total 17420K, used 10450K [0x28cc0000, 0x29dc3000, 0x33620000)
   the space 17420K,  59% used [0x28cc0000, 0x296f4ae8, 0x296f4c00, 0x29dc3000)
 compacting perm gen  total 12288K, used 8392K [0x33620000, 0x34220000, 0x37620000)
   the space 12288K,  68% used [0x33620000, 0x33e52070, 0x33e52200, 0x34220000)
    ro space 10240K,  45% used [0x37620000, 0x37aa73d8, 0x37aa7400, 0x38020000)
    rw space 12288K,  54% used [0x38020000, 0x386aacc8, 0x386aae00, 0x38c20000)
Event: 20.204 GC heap after
Heap after GC invocations=13 (full 1):
 def new generation   total 7936K, used 600K [0x23820000, 0x240b0000, 0x28cc0000)
  eden space 7104K,   0% used [0x23820000, 0x23820000, 0x23f10000)
  from space 832K,  72% used [0x23fe0000, 0x240760d0, 0x240b0000)
  to   space 832K,   0% used [0x23f10000, 0x23f10000, 0x23fe0000)
 tenured generation   total 17420K, used 16450K [0x28cc0000, 0x29dc3000, 0x33620000)
   the space 17420K,  94% used [0x28cc0000, 0x29cd0b58, 0x29cd0c00, 0x29dc3000)
 compacting perm gen  total 12288K, used 8392K [0x33620000, 0x34220000, 0x37620000)
   the space 12288K,  68% used [0x33620000, 0x33e52070, 0x33e52200, 0x34220000)
    ro space 10240K,  45% used [0x37620000, 0x37aa73d8, 0x37aa7400, 0x38020000)
    rw space 12288K,  54% used [0x38020000, 0x386aacc8, 0x386aae00, 0x38c20000)
}

