# JRE version: 7.0_17-b02
# Java VM: Java HotSpot(TM) Client VM (23.7-b01 mixed mode, sharing windows-x86 )
Heap
 def new generation   total 13376K, used 12083K [0x23820000, 0x246a0000, 0x28cc0000)
  eden space 11904K,  90% used [0x23820000, 0x242b1208, 0x243c0000)
  from space 1472K,  85% used [0x24530000, 0x2466bc38, 0x246a0000)
  to   space 1472K,   0% used [0x243c0000, 0x243c0000, 0x24530000)
 tenured generation   total 29536K, used 23006K [0x28cc0000, 0x2a998000, 0x33620000)
   the space 29536K,  77% used [0x28cc0000, 0x2a337b28, 0x2a337c00, 0x2a998000)
 compacting perm gen  total 12288K, used 8959K [0x33620000, 0x34220000, 0x37620000)
   the space 12288K,  72% used [0x33620000, 0x33edfef0, 0x33ee0000, 0x34220000)
    ro space 10240K,  45% used [0x37620000, 0x37aa73d8, 0x37aa7400, 0x38020000)
    rw space 12288K,  54% used [0x38020000, 0x386aacc8, 0x386aae00, 0x38c20000)
GC Heap History (10 events):
Event: 46.998 GC heap before
{Heap before GC invocations=12 (full 1):
 def new generation   total 7744K, used 6756K [0x23820000, 0x24080000, 0x28cc0000)
  eden space 6912K,  97% used [0x23820000, 0x23eb9200, 0x23ee0000)
  from space 832K,   0% used [0x23ee0000, 0x23ee0000, 0x23fb0000)
  to   space 832K,   0% used [0x23fb0000, 0x23fb0000, 0x24080000)
 tenured generation   total 16940K, used 10162K [0x28cc0000, 0x29d4b000, 0x33620000)
   the space 16940K,  59% used [0x28cc0000, 0x296aca10, 0x296acc00, 0x29d4b000)
 compacting perm gen  total 12288K, used 8398K [0x33620000, 0x34220000, 0x37620000)
   the space 12288K,  68% used [0x33620000, 0x33e53be8, 0x33e53c00, 0x34220000)
    ro space 10240K,  45% used [0x37620000, 0x37aa73d8, 0x37aa7400, 0x38020000)
    rw space 12288K,  54% used [0x38020000, 0x386aacc8, 0x386aae00, 0x38c20000)
Event: 47.021 GC heap after
Heap after GC invocations=13 (full 1):
 def new generation   total 7744K, used 601K [0x23820000, 0x24080000, 0x28cc0000)
  eden space 6912K,   0% used [0x23820000, 0x23820000, 0x23ee0000)
  from space 832K,  72% used [0x23fb0000, 0x24046760, 0x24080000)
  to   space 832K,   0% used [0x23ee0000, 0x23ee0000, 0x23fb0000)
 tenured generation   total 16940K, used 16162K [0x28cc0000, 0x29d4b000, 0x33620000)
   the space 16940K,  95% used [0x28cc0000, 0x29c88a90, 0x29c88c00, 0x29d4b000)
 compacting perm gen  total 12288K, used 8398K [0x33620000, 0x34220000, 0x37620000)
   the space 12288K,  68% used [0x33620000, 0x33e53be8, 0x33e53c00, 0x34220000)
    ro space 10240K,  45% used [0x37620000, 0x37aa73d8, 0x37aa7400, 0x38020000)
    rw space 12288K,  54% used [0x38020000, 0x386aacc8, 0x386aae00, 0x38c20000)
}
Event: 67.975 GC heap before
{Heap before GC invocations=13 (full 1):
 def new generation   total 7744K, used 7513K [0x23820000, 0x24080000, 0x28cc0000)
  eden space 6912K, 100% used [0x23820000, 0x23ee0000, 0x23ee0000)
  from space 832K,  72% used [0x23fb0000, 0x24046760, 0x24080000)
  to   space 832K,   0% used [0x23ee0000, 0x23ee0000, 0x23fb0000)
 tenured generation   total 16940K, used 16162K [0x28cc0000, 0x29d4b000, 0x33620000)
   the space 16940K,  95% used [0x28cc0000, 0x29c88a90, 0x29c88c00, 0x29d4b000)
 compacting perm gen  total 12288K, used 8426K [0x33620000, 0x34220000, 0x37620000)
   the space 12288K,  68% used [0x33620000, 0x33e5a890, 0x33e5aa00, 0x34220000)
    ro space 10240K,  45% used [0x37620000, 0x37aa73d8, 0x37aa7400, 0x38020000)
    rw space 12288K,  54% used [0x38020000, 0x386aacc8, 0x386aae00, 0x38c20000)
Event: 68.157 GC heap after
Heap after GC invocations=14 (full 2):
 def new generation   total 13376K, used 0K [0x23820000, 0x246a0000, 0x28cc0000)
  eden space 11904K,   0% used [0x23820000, 0x23820000, 0x243c0000)
  from space 1472K,   0% used [0x243c0000, 0x243c0000, 0x24530000)
  to   space 1472K,   0% used [0x24530000, 0x24530000, 0x246a0000)
 tenured generation   total 29536K, used 17720K [0x28cc0000, 0x2a998000, 0x33620000)
   the space 29536K,  59% used [0x28cc0000, 0x29e0e2c8, 0x29e0e400, 0x2a998000)
 compacting perm gen  total 12288K, used 8426K [0x33620000, 0x34220000, 0x37620000)
   the space 12288K,  68% used [0x33620000, 0x33e5a890, 0x33e5aa00, 0x34220000)
    ro space 10240K,  45% used [0x37620000, 0x37aa73d8, 0x37aa7400, 0x38020000)
    rw space 12288K,  54% used [0x38020000, 0x386aacc8, 0x386aae00, 0x38c20000)
}
Event: 82.464 GC heap before
{Heap before GC invocations=14 (full 2):
 def new generation   total 13376K, used 11904K [0x23820000, 0x246a0000, 0x28cc0000)
  eden space 11904K, 100% used [0x23820000, 0x243c0000, 0x243c0000)
  from space 1472K,   0% used [0x243c0000, 0x243c0000, 0x24530000)
  to   space 1472K,   0% used [0x24530000, 0x24530000, 0x246a0000)
 tenured generation   total 29536K, used 17720K [0x28cc0000, 0x2a998000, 0x33620000)
   the space 29536K,  59% used [0x28cc0000, 0x29e0e2c8, 0x29e0e400, 0x2a998000)
 compacting perm gen  total 12288K, used 8821K [0x33620000, 0x34220000, 0x37620000)
   the space 12288K,  71% used [0x33620000, 0x33ebd458, 0x33ebd600, 0x34220000)
    ro space 10240K,  45% used [0x37620000, 0x37aa73d8, 0x37aa7400, 0x38020000)
    rw space 12288K,  54% used [0x38020000, 0x386aacc8, 0x386aae00, 0x38c20000)
Event: 82.482 GC heap after
Heap after GC invocations=15 (full 2):
 def new generation   total 13376K, used 1472K [0x23820000, 0x246a0000, 0x28cc0000)
  eden space 11904K,   0% used [0x23820000, 0x23820000, 0x243c0000)
  from space 1472K, 100% used [0x24530000, 0x246a0000, 0x246a0000)
  to   space 1472K,   0% used [0x243c0000, 0x243c0000, 0x24530000)
 tenured generation   total 29536K, used 19036K [0x28cc0000, 0x2a998000, 0x33620000)
   the space 29536K,  64% used [0x28cc0000, 0x29f57210, 0x29f57400, 0x2a998000)
 compacting perm gen  total 12288K, used 8821K [0x33620000, 0x34220000, 0x37620000)
   the space 12288K,  71% used [0x33620000, 0x33ebd458, 0x33ebd600, 0x34220000)
    ro space 10240K,  45% used [0x37620000, 0x37aa73d8, 0x37aa7400, 0x38020000)
    rw space 12288K,  54% used [0x38020000, 0x386aacc8, 0x386aae00, 0x38c20000)
}
Event: 102.329 GC heap before
{Heap before GC invocations=15 (full 2):
 def new generation   total 13376K, used 13376K [0x23820000, 0x246a0000, 0x28cc0000)
  eden space 11904K, 100% used [0x23820000, 0x243c0000, 0x243c0000)
  from space 1472K, 100% used [0x24530000, 0x246a0000, 0x246a0000)
  to   space 1472K,   0% used [0x243c0000, 0x243c0000, 0x24530000)
 tenured generation   total 29536K, used 19036K [0x28cc0000, 0x2a998000, 0x33620000)
   the space 29536K,  64% used [0x28cc0000, 0x29f57210, 0x29f57400, 0x2a998000)
 compacting perm gen  total 12288K, used 8950K [0x33620000, 0x34220000, 0x37620000)
   the space 12288K,  72% used [0x33620000, 0x33edd8f8, 0x33edda00, 0x34220000)
    ro space 10240K,  45% used [0x37620000, 0x37aa73d8, 0x37aa7400, 0x38020000)
    rw space 12288K,  54% used [0x38020000, 0x386aacc8, 0x386aae00, 0x38c20000)
Event: 102.345 GC heap after
Heap after GC invocations=16 (full 2):
 def new generation   total 13376K, used 1472K [0x23820000, 0x246a0000, 0x28cc0000)
  eden space 11904K,   0% used [0x23820000, 0x23820000, 0x243c0000)
  from space 1472K, 100% used [0x243c0000, 0x24530000, 0x24530000)
  to   space 1472K,   0% used [0x24530000, 0x24530000, 0x246a0000)
 tenured generation   total 29536K, used 21600K [0x28cc0000, 0x2a998000, 0x33620000)
   the space 29536K,  73% used [0x28cc0000, 0x2a1d8108, 0x2a1d8200, 0x2a998000)
 compacting perm gen  total 12288K, used 8950K [0x33620000, 0x34220000, 0x37620000)
   the space 12288K,  72% used [0x33620000, 0x33edd8f8, 0x33edda00, 0x34220000)
    ro space 10240K,  45% used [0x37620000, 0x37aa73d8, 0x37aa7400, 0x38020000)
    rw space 12288K,  54% used [0x38020000, 0x386aacc8, 0x386aae00, 0x38c20000)
}
Event: 118.261 GC heap before
{Heap before GC invocations=16 (full 2):
 def new generation   total 13376K, used 12714K [0x23820000, 0x246a0000, 0x28cc0000)
  eden space 11904K,  94% used [0x23820000, 0x2431a950, 0x243c0000)
  from space 1472K, 100% used [0x243c0000, 0x24530000, 0x24530000)
  to   space 1472K,   0% used [0x24530000, 0x24530000, 0x246a0000)
 tenured generation   total 29536K, used 21600K [0x28cc0000, 0x2a998000, 0x33620000)
   the space 29536K,  73% used [0x28cc0000, 0x2a1d8108, 0x2a1d8200, 0x2a998000)
 compacting perm gen  total 12288K, used 8950K [0x33620000, 0x34220000, 0x37620000)
   the space 12288K,  72% used [0x33620000, 0x33edda98, 0x33eddc00, 0x34220000)
    ro space 10240K,  45% used [0x37620000, 0x37aa73d8, 0x37aa7400, 0x38020000)
    rw space 12288K,  54% used [0x38020000, 0x386aacc8, 0x386aae00, 0x38c20000)
Event: 118.274 GC heap after
Heap after GC invocations=17 (full 2):
 def new generation   total 13376K, used 1263K [0x23820000, 0x246a0000, 0x28cc0000)
  eden space 11904K,   0% used [0x23820000, 0x23820000, 0x243c0000)
  from space 1472K,  85% used [0x24530000, 0x2466bc38, 0x246a0000)
  to   space 1472K,   0% used [0x243c0000, 0x243c0000, 0x24530000)
 tenured generation   total 29536K, used 23006K [0x28cc0000, 0x2a998000, 0x33620000)
   the space 29536K,  77% used [0x28cc0000, 0x2a337b28, 0x2a337c00, 0x2a998000)
 compacting perm gen  total 12288K, used 8950K [0x33620000, 0x34220000, 0x37620000)
   the space 12288K,  72% used [0x33620000, 0x33edda98, 0x33eddc00, 0x34220000)
    ro space 10240K,  45% used [0x37620000, 0x37aa73d8, 0x37aa7400, 0x38020000)
    rw space 12288K,  54% used [0x38020000, 0x386aacc8, 0x386aae00, 0x38c20000)
}

